# gopl.io/med/links
links/links.go:92:37: undefined: linkfound
links/links.go:95:21: undefined: linkfound
links/links.go:96:5: undefined: linkfound
links/links.go:118:21: undefined: linkfound
links/links.go:119:5: undefined: linkfound
2020/12/27 20:15:09 File extractor
2020/12/27 20:15:09 go findLinks()
panic: runtime error: slice bounds out of range [:-1]

goroutine 6 [running]:
gopl.io/med/links.extract.func2(0x8c54340)
	/home/pushking/go/src/gopl.io/med/links/links.go:94 +0x55
gopl.io/med/links.forEachNode(0x8c54340, 0x8c2e638, 0x8c2e5f0)
	/home/pushking/go/src/gopl.io/med/links/links.go:153 +0x64
gopl.io/med/links.forEachNode(0x8c542c0, 0x8c3ee38, 0x8c3edf0)
	/home/pushking/go/src/gopl.io/med/links/links.go:150 +0x3e
gopl.io/med/links.forEachNode(0x8c54280, 0x8c3ee38, 0x8c3edf0)
	/home/pushking/go/src/gopl.io/med/links/links.go:150 +0x3e
gopl.io/med/links.forEachNode(0x8c54200, 0x8c3ee38, 0x8c3edf0)
	/home/pushking/go/src/gopl.io/med/links/links.go:150 +0x3e
gopl.io/med/links.extract(0x8c54200, 0x8c10620, 0x0, 0x0, 0x0, 0x8c54200)
	/home/pushking/go/src/gopl.io/med/links/links.go:136 +0x1c5
gopl.io/med/links.FileName.Extract(0xbf9392d2, 0x8, 0x2, 0x8c1a400, 0xf, 0x0, 0x0)
	/home/pushking/go/src/gopl.io/med/links/links.go:170 +0x148
main.findLinks(0x8325ec0, 0x8c10618, 0x8c22140)
	/home/pushking/go/src/gopl.io/med/findlinks.go:14 +0x69
created by main.main
	/home/pushking/go/src/gopl.io/med/findlinks.go:45 +0xf0
