text: Jonathan Natanael Siahaan
link: https://medium.com/@jonathannatanaelsiahaan?source=bookmarks---------0----------------------------
text: Sahitya Maruvada
link: https://medium.com/@sahityamaruvada?source=bookmarks---------1----------------------------
text: Anders Refsdal Olsen
link: https://andersro93.medium.com/?source=bookmarks---------2----------------------------
text: Michael Bogan
link: https://medium.com/@michael.bogan?source=bookmarks---------3----------------------------
text: vignesh dharuman
link: https://dvignesh1496.medium.com/?source=bookmarks---------4----------------------------
text: Yinchi ''Wexort'' Luo
link: https://wexort.medium.com/?source=bookmarks---------5----------------------------
text: Israel Miles
link: https://israel-miles.medium.com/?source=bookmarks---------6----------------------------
text: mourya venkat
link: https://mourya-g9.medium.com/?source=bookmarks---------7----------------------------
text: Aaron Zhuo
link: https://aaronzhuo.medium.com/?source=bookmarks---------8----------------------------
text: Uday Hiwarale
link: https://thatisuday.medium.com/?source=bookmarks---------9----------------------------
text: Uday Hiwarale
link: https://thatisuday.medium.com/?source=bookmarks---------10----------------------------
text: Uday Hiwarale
link: https://thatisuday.medium.com/?source=bookmarks---------11----------------------------
text: Uday Hiwarale
link: https://thatisuday.medium.com/?source=bookmarks---------12----------------------------
text: Uday Hiwarale
link: https://thatisuday.medium.com/?source=bookmarks---------13----------------------------
text: Uday Hiwarale
link: https://thatisuday.medium.com/?source=bookmarks---------14----------------------------
text: Uday Hiwarale
link: https://thatisuday.medium.com/?source=bookmarks---------15----------------------------
text: Uday Hiwarale
link: https://thatisuday.medium.com/?source=bookmarks---------16----------------------------
text: Uday Hiwarale
link: https://thatisuday.medium.com/?source=bookmarks---------17----------------------------
text: Uday Hiwarale
link: https://thatisuday.medium.com/?source=bookmarks---------18----------------------------
text: Uday Hiwarale
link: https://thatisuday.medium.com/?source=bookmarks---------19----------------------------
text: Uday Hiwarale
link: https://thatisuday.medium.com/?source=bookmarks---------20----------------------------
text: Uday Hiwarale
link: https://thatisuday.medium.com/?source=bookmarks---------21----------------------------
text: Uday Hiwarale
link: https://thatisuday.medium.com/?source=bookmarks---------22----------------------------
text: Uday Hiwarale
link: https://thatisuday.medium.com/?source=bookmarks---------23----------------------------
text: Uday Hiwarale
link: https://thatisuday.medium.com/?source=bookmarks---------24----------------------------
text: karthic Rao
link: https://medium.com/@hackintoshrao?source=bookmarks---------25----------------------------
text: Iman Tumorang
link: https://medium.com/@imantumorang?source=bookmarks---------26----------------------------
text: Momentswithbren
link: https://medium.com/@brenspiration?source=bookmarks---------27----------------------------
text: Elton Minetto
link: https://medium.com/@eminetto?source=bookmarks---------28----------------------------
text: c9s
link: https://c9s.medium.com/?source=bookmarks---------29----------------------------
text: Michał Łowicki
link: https://medium.com/@mlowicki?source=bookmarks---------30----------------------------
text: Satish Manohar Talim
link: https://medium.com/@IndianGuru?source=bookmarks---------31----------------------------
text: Daniela Petruzalek
link: https://medium.com/@danielapetruzalek?source=bookmarks---------32----------------------------
text: Iman Tumorang
link: https://medium.com/@imantumorang?source=bookmarks---------33----------------------------
text: Iman Tumorang
link: https://medium.com/@imantumorang?source=bookmarks---------34----------------------------
text: Henrique Mota
link: https://medium.com/@boltmick1?source=bookmarks---------35----------------------------
text: Aditya Agarwal
link: https://medium.com/@adityaa803?source=bookmarks---------36----------------------------
text: Evandro F. Souza
link: https://medium.com/@evandroferreiras?source=bookmarks---------37----------------------------
text: OKONKWO VINCENT IKEM
link: https://medium.com/@ikem?source=bookmarks---------38----------------------------
text: Alvaro Viebrantz
link: https://medium.com/@alvaroviebrantz?source=bookmarks---------39----------------------------
text: dm03514
link: https://medium.com/@dm03514?source=bookmarks---------40----------------------------
text: Michał Łowicki
link: https://medium.com/@mlowicki?source=bookmarks---------41----------------------------
text: Iman Tumorang
link: https://medium.com/@imantumorang?source=bookmarks---------42----------------------------
text: Alex Ellis
link: https://alexellisuk.medium.com/?source=bookmarks---------43----------------------------
text: Elton Minetto
link: https://medium.com/@eminetto?source=bookmarks---------44----------------------------
text: Jeroen Ouwehand
link: https://medium.com/@jeroenouw?source=bookmarks---------45----------------------------
text: Tejas Manohar
link: https://medium.com/@tejasmanohar?source=bookmarks---------46----------------------------
text: Michał Łowicki
link: https://medium.com/@mlowicki?source=bookmarks---------47----------------------------
text: Igor Mandrigin
link: https://medium.com/@mandrigin?source=bookmarks---------48----------------------------
text: Joseph Matthias Goh
link: https://joeir.medium.com/?source=bookmarks---------49----------------------------
text: Martin Heinz
link: https://medium.com/@martin.heinz?source=bookmarks---------50----------------------------
text: Flant staff
link: https://medium.com/@flant_com?source=bookmarks---------51----------------------------
text: Wojciech
link: https://medium.com/@woj_ciech?source=bookmarks---------52----------------------------
text: The Educative Team
link: https://educative-inc.medium.com/?source=bookmarks---------53----------------------------
text: deeeet
link: https://medium.com/@deeeet?source=bookmarks---------54----------------------------
text: Elton Minetto
link: https://medium.com/@eminetto?source=bookmarks---------55----------------------------
text: Kevin Hoffman
link: https://medium.com/@KevinHoffman?source=bookmarks---------56----------------------------
text: Martin Heinz
link: https://medium.com/@martin.heinz?source=bookmarks---------57----------------------------
text: Mohamed Labouardy
link: https://medium.com/@mlabouardy?source=bookmarks---------58----------------------------
text: Cocos-BCX
link: https://cocosbcx.medium.com/?source=bookmarks---------59----------------------------
text: Mat Ryer
link: https://medium.com/@matryer?source=bookmarks---------60----------------------------
text: Michał Łowicki
link: https://medium.com/@mlowicki?source=bookmarks---------61----------------------------
text: Kynan Rilee
link: https://medium.com/@kynan.rilee?source=bookmarks---------62----------------------------
text: Mat Ryer
link: https://medium.com/@matryer?source=bookmarks---------63----------------------------
text: Inanc Gumus
link: https://medium.com/@inanc?source=bookmarks---------64----------------------------
text: KIDDY
link: https://kiddyxyz.medium.com/?source=bookmarks---------65----------------------------
text: Iman Tumorang
link: https://medium.com/@imantumorang?source=bookmarks---------66----------------------------
text: Ankur Anand
link: https://medium.com/@ankur_anand?source=bookmarks---------67----------------------------
text: Anthony Alaribe
link: https://medium.com/@tonyalaribe?source=bookmarks---------68----------------------------
text: Inanc Gumus
link: https://medium.com/@inanc?source=bookmarks---------69----------------------------
text: Arindam Roy
link: https://medium.com/@arindamroy?source=bookmarks---------70----------------------------
text: Iman Tumorang
link: https://medium.com/@imantumorang?source=bookmarks---------71----------------------------
text: Travis Jeffery
link: https://medium.com/@travisjeffery?source=bookmarks---------72----------------------------
text: Mat Ryer
link: https://medium.com/@matryer?source=bookmarks---------73----------------------------
text: TJ Holowaychuk
link: https://medium.com/@tjholowaychuk?source=bookmarks---------74----------------------------
text: Saddam H
link: https://medium.com/@thedevsaddam?source=bookmarks---------75----------------------------
text: Marcio Castilho
link: https://medium.com/@mcastilho?source=bookmarks---------76----------------------------
text: Steve Domino
link: https://medium.com/@skdomino?source=bookmarks---------77----------------------------
text: Thejas Babu
link: https://medium.com/@thejasbabu?source=bookmarks---------78----------------------------
text: Soham Kamani
link: https://medium.com/@sohamkamani?source=bookmarks---------79----------------------------
text: Arafat Khan
link: https://medium.com/@Arafat.?source=bookmarks---------80----------------------------
text: Omer Goldberg
link: https://medium.com/@omergoldberg?source=bookmarks---------81----------------------------
text: karthic Rao
link: https://medium.com/@hackintoshrao?source=bookmarks---------82----------------------------
text: Ridham Tarpara
link: https://medium.com/@RidhamTarpara?source=bookmarks---------83----------------------------
text: Iman Tumorang
link: https://medium.com/@imantumorang?source=bookmarks---------84----------------------------
text: Arafat Khan
link: https://medium.com/@Arafat.?source=bookmarks---------85----------------------------
text: Sidhartha Mani
link: https://medium.com/@utter_babbage?source=bookmarks---------86----------------------------
text: Tilak Lodha
link: https://medium.com/@tilaklodha?source=bookmarks---------87----------------------------
text: Or Hiltch
link: https://medium.com/@_orcaman?source=bookmarks---------88----------------------------
text: Michał Łowicki
link: https://medium.com/@mlowicki?source=bookmarks---------89----------------------------
text: deeeet
link: https://medium.com/@deeeet?source=bookmarks---------90----------------------------
text: Shaon Shaonty
link: https://medium.com/@shaonshaonty?source=bookmarks---------91----------------------------
text: Travis Reeder
link: https://medium.com/@treeder?source=bookmarks---------92----------------------------
text: Vignesh Sk
link: https://medium.com/@vigneshsk?source=bookmarks---------93----------------------------
text: Uday Hiwarale
link: https://thatisuday.medium.com/?source=bookmarks---------94----------------------------
text: Pedro Fernando Marquez Soto
link: https://medium.com/@pfernandom?source=bookmarks---------95----------------------------
text: Hafiz Ismail
link: https://medium.com/@sogko?source=bookmarks---------96----------------------------
text: Aldo "xoen" Giambelluca
link: https://medium.com/@xoen?source=bookmarks---------97----------------------------
text: Afdol Riski
link: https://medium.com/@afdolriski?source=bookmarks---------98----------------------------
text: Zach Kauffman
link: https://medium.com/@zach_4342?source=bookmarks---------99----------------------------
text: Madhan Ganesh
link: https://medium.com/@madhanganesh?source=bookmarks---------100----------------------------
text: Peter Malina
link: https://medium.com/@petomalina?source=bookmarks---------101----------------------------
text: Iman Tumorang
link: https://medium.com/@imantumorang?source=bookmarks---------102----------------------------
text: Aram Petrosyan
link: https://medium.com/@apzuk3?source=bookmarks---------103----------------------------
text: Travis Reeder
link: https://medium.com/@treeder?source=bookmarks---------104----------------------------
text: Mohamed Labouardy
link: https://medium.com/@mlabouardy?source=bookmarks---------105----------------------------
text: Peter Benjamin
link: https://medium.com/@petermbenjamin?source=bookmarks---------106----------------------------
text: Teiva Harsanyi
link: https://teivah.medium.com/?source=bookmarks---------107----------------------------
text: Kelvin Salton do Prado
link: https://medium.com/@kelvin_sp?source=bookmarks---------108----------------------------
text: Roger Chapman
link: https://medium.com/@rogchap?source=bookmarks---------109----------------------------
text: Michał Łowicki
link: https://medium.com/@mlowicki?source=bookmarks---------110----------------------------
text: Michael lyam
link: https://michael-lyamm.medium.com/?source=bookmarks---------111----------------------------
text: Elton Minetto
link: https://medium.com/@eminetto?source=bookmarks---------112----------------------------
text: Anthony Alaribe
link: https://medium.com/@tonyalaribe?source=bookmarks---------113----------------------------
text: Marcio Castilho
link: https://medium.com/@mcastilho?source=bookmarks---------114----------------------------
text: Ayanray
link: https://medium.com/@ayanray089?source=bookmarks---------115----------------------------
text: Julia Álvarez de Eulate Sainz
link: https://alvarezjulia.medium.com/?source=bookmarks---------116----------------------------
text: Vincent Blanchon
link: https://medium.com/@blanchon.vincent?source=bookmarks---------117----------------------------
text: Dustin Newman
link: https://dustinnewman.medium.com/?source=bookmarks---------118----------------------------
text: Cameron Roberts
link: https://cameronldroberts.medium.com/?source=bookmarks---------119----------------------------
text: Amer Zildzic
link: https://medium.com/@amer.zildzic?source=bookmarks---------120----------------------------
text: nwillc
link: https://nwillc.medium.com/?source=bookmarks---------121----------------------------
text: nwillc
link: https://nwillc.medium.com/?source=bookmarks---------122----------------------------
text: nwillc
link: https://nwillc.medium.com/?source=bookmarks---------123----------------------------
text: nwillc
link: https://nwillc.medium.com/?source=bookmarks---------124----------------------------
text: nwillc
link: https://nwillc.medium.com/?source=bookmarks---------125----------------------------
text: nwillc
link: https://nwillc.medium.com/?source=bookmarks---------126----------------------------
text: Emmy Chamberlain
link: https://emmyc.medium.com/?source=bookmarks---------127----------------------------
text: Aditya Bhasin
link: https://medium.com/@conlini?source=bookmarks---------128----------------------------
text: Dean Karn
link: https://medium.com/@joeybloggs?source=bookmarks---------129----------------------------
text: Dumas sylvain
link: https://medium.com/@dumassylvain?source=bookmarks---------130----------------------------
text: Alena Varkockova
link: https://medium.com/@alenkacz?source=bookmarks---------131----------------------------
text: Iván Corrales Solera
link: https://medium.com/@ivan.corrales.solera?source=bookmarks---------132----------------------------
text: Betable Engineering
link: https://medium.com/@betable?source=bookmarks---------133----------------------------
text: Lewis Fairweather
link: https://lewisfairweather.medium.com/?source=bookmarks---------134----------------------------
text: Balakrishnan Nalin Prashanth
link: https://medium.com/@bnprashanth256?source=bookmarks---------135----------------------------
text: Balakrishnan Nalin Prashanth
link: https://medium.com/@bnprashanth256?source=bookmarks---------136----------------------------
text: Balakrishnan Nalin Prashanth
link: https://medium.com/@bnprashanth256?source=bookmarks---------137----------------------------
text: Che Dan
link: https://medium.com/@dche423?source=bookmarks---------138----------------------------
text: Guy Harrison
link: https://medium.com/@guy.harrison?source=bookmarks---------139----------------------------
text: Wallaroo Labs.
link: https://medium.com/@WallarooLabs?source=bookmarks---------140----------------------------
text: Chandan Kumar
link: https://medium.com/@chandankumar_64074?source=bookmarks---------141----------------------------
text: lindsay
link: https://medium.com/@lynzt?source=bookmarks---------142----------------------------
text: Fatih Arslan
link: https://medium.com/@farslan?source=bookmarks---------143----------------------------
text: Satish Manohar Talim
link: https://medium.com/@IndianGuru?source=bookmarks---------144----------------------------
text: Jack Lindamood
link: https://medium.com/@cep21?source=bookmarks---------145----------------------------
text: Carmen Villadar
link: https://medium.com/@digitalfemme?source=bookmarks---------146----------------------------
text: Francesc Campoy
link: https://medium.com/@francesc?source=bookmarks---------147----------------------------
text: Sebastian Dahlgren
link: https://medium.com/@sebdah?source=bookmarks---------148----------------------------
text: Sebastian Dahlgren
link: https://medium.com/@sebdah?source=bookmarks---------149----------------------------
text: Jin Feng
link: https://medium.com/@jfeng45?source=bookmarks---------150----------------------------
text: mayank bansal
link: https://medium.com/@mayankbansal933?source=bookmarks---------151----------------------------
text: Anuradha Wickramarachchi
link: https://anuradhawick.medium.com/?source=bookmarks---------152----------------------------
text: Sergej Jakovljev
link: https://srolija.medium.com/?source=bookmarks---------153----------------------------
text: Simon Prickett
link: https://simonprickett.medium.com/?source=bookmarks---------154----------------------------
text: Dilan Sachintha Nayanajith
link: https://medium.com/@dilansachinthanos?source=bookmarks---------155----------------------------
text: Nitesh Agarwal
link: https://medium.com/@niteshagarwal_?source=bookmarks---------156----------------------------
text: Daniel Kurniadi
link: https://medium.com/@daniel.thekurniadi?source=bookmarks---------157----------------------------
text: Israel Miles
link: https://israel-miles.medium.com/?source=bookmarks---------158----------------------------
text: Israel Miles
link: https://israel-miles.medium.com/?source=bookmarks---------159----------------------------
text: Israel Miles
link: https://israel-miles.medium.com/?source=bookmarks---------160----------------------------
text: Jesho Carmel
link: https://jeshocarmel.medium.com/?source=bookmarks---------161----------------------------
text: Israel Miles
link: https://israel-miles.medium.com/?source=bookmarks---------162----------------------------
text: Robert Weber
link: https://medium.com/@robert_70579?source=bookmarks---------163----------------------------
text: Robert Weber
link: https://medium.com/@robert_70579?source=bookmarks---------164----------------------------
text: Robert Weber
link: https://medium.com/@robert_70579?source=bookmarks---------165----------------------------
text: Robert Weber
link: https://medium.com/@robert_70579?source=bookmarks---------166----------------------------
text: Keiran Smith
link: https://medium.com/@Affix?source=bookmarks---------167----------------------------
text: Yinchi ''Wexort'' Luo
link: https://wexort.medium.com/?source=bookmarks---------168----------------------------
text: Barun Thapa
link: https://medium.com/@barunthapa?source=bookmarks---------169----------------------------
text: Felipe Dutra Tine e Silva
link: https://medium.com/@felipedutratine?source=bookmarks---------170----------------------------
text: Felipe Dutra Tine e Silva
link: https://medium.com/@felipedutratine?source=bookmarks---------171----------------------------
text: Felipe Dutra Tine e Silva
link: https://medium.com/@felipedutratine?source=bookmarks---------172----------------------------
text: Victoria Drake
link: https://medium.com/@victoriadotdev?source=bookmarks---------173----------------------------
text: Alex Cambose
link: https://medium.com/@alexcambose?source=bookmarks---------174----------------------------
text: Remco Rakers
link: https://medium.com/@remcorakers?source=bookmarks---------175----------------------------
text: dm03514
link: https://medium.com/@dm03514?source=bookmarks---------176----------------------------
text: Emmy Chamberlain
link: https://emmyc.medium.com/?source=bookmarks---------177----------------------------
text: Ivan S Kirkpatrick
link: https://ivank2139.medium.com/?source=bookmarks---------178----------------------------
text: Liz Rice
link: https://medium.com/@lizrice?source=bookmarks---------179----------------------------
text: Nikola Lindenberg
link: https://medium.com/@nikola.lindenberg?source=bookmarks---------180----------------------------
text: Tiago Antunes
link: https://medium.com/@tm.antunes?source=bookmarks---------181----------------------------
text: Raju Ahmed Shetu
link: https://nashmaniac.medium.com/?source=bookmarks---------182----------------------------
text: Harsha Vardhan
link: https://harshaktg.medium.com/?source=bookmarks---------183----------------------------
text: Rotem Tamir
link: https://medium.com/@rotemtam?source=bookmarks---------184----------------------------
text: Thinley Norbu
link: https://medium.com/@thinley.norbu?source=bookmarks---------185----------------------------
text: Cooper Thompson
link: https://riptidedata.medium.com/?source=bookmarks---------186----------------------------
text: Israel Miles
link: https://israel-miles.medium.com/?source=bookmarks---------187----------------------------
text: Travis Reeder
link: https://medium.com/@treeder?source=bookmarks---------188----------------------------
text: Michał Łowicki
link: https://medium.com/@mlowicki?source=bookmarks---------189----------------------------
text: Ashis Chakraborty
link: https://ashchk.medium.com/?source=bookmarks---------190----------------------------
text: Changhui Xu
link: https://changhuixu.medium.com/?source=bookmarks---------191----------------------------
text: Lee McGowan
link: https://medium.com/@lee.mcgowan.work?source=bookmarks---------192----------------------------
text: Mikail Khan
link: https://mikail-khan-23240.medium.com/?source=bookmarks---------193----------------------------
text: Cesar Del Solar
link: https://medium.com/@14domino?source=bookmarks---------194----------------------------
text: Kislay Verma
link: https://kislayverma.medium.com/?source=bookmarks---------195----------------------------
text: Warren Wan
link: https://medium.com/@wlwanpan?source=bookmarks---------196----------------------------
text: Christopher Lindblom
link: https://medium.com/@lindblomdev?source=bookmarks---------197----------------------------
text: Berk Gökden
link: https://medium.com/@berkgokden?source=bookmarks---------198----------------------------
text: Enrico Piccinin
link: https://enrico-piccinin.medium.com/?source=bookmarks---------199----------------------------
text: mourya venkat
link: https://mourya-g9.medium.com/?source=bookmarks---------200----------------------------
text: Ganesh Iyer
link: https://medium.com/@lastlegion?source=bookmarks---------201----------------------------
text: S K Dasaradh
link: https://skdasaradh.medium.com/?source=bookmarks---------202----------------------------
text: Israel Miles
link: https://israel-miles.medium.com/?source=bookmarks---------203----------------------------
text: Michael McMillan
link: https://mmmcmillan1957.medium.com/?source=bookmarks---------204----------------------------
text: Laura Davies
link: https://medium.com/@drljdavies?source=bookmarks---------205----------------------------
text: Shyam Nagarajan
link: https://medium.com/@shyamrock?source=bookmarks---------206----------------------------
text: Israel Miles
link: https://israel-miles.medium.com/?source=bookmarks---------207----------------------------
text: Ian Gorton
link: https://medium.com/@i.gorton?source=bookmarks---------208----------------------------
text: Chris Lovejoy
link: https://medium.com/@Chris.Lovejoy?source=bookmarks---------209----------------------------
text: Emmy Chamberlain
link: https://emmyc.medium.com/?source=bookmarks---------210----------------------------
text: Jane Kozhevnikova
link: https://jkozhevnikova.medium.com/?source=bookmarks---------211----------------------------
text: Twisttado
link: https://medium.com/@twisttado?source=bookmarks---------212----------------------------
text: Israel Miles
link: https://israel-miles.medium.com/?source=bookmarks---------213----------------------------
text: Gurasis Singh
link: https://medium.com/@gurasis?source=bookmarks---------214----------------------------
text: В.Корехов
link: https://medium.com/@vladislavs.korehovs?source=bookmarks---------215----------------------------
text: Ying Kit Yuen
link: https://medium.com/@ykyuen?source=bookmarks---------216----------------------------
text: Dmitry Spasibenko
link: https://medium.com/@dspasibenko?source=bookmarks---------217----------------------------
text: Noorain - YourTechBud
link: https://medium.com/@YourTechBud?source=bookmarks---------218----------------------------
text: Prof Bill Buchanan OBE
link: https://billatnapier.medium.com/?source=bookmarks---------219----------------------------
text: Filip Wojciechowski
link: https://medium.com/@fwojciec?source=bookmarks---------220----------------------------
text: Filip Wojciechowski
link: https://medium.com/@fwojciec?source=bookmarks---------221----------------------------
text: Fernando Souza
link: https://medium.com/@cleberdsouza?source=bookmarks---------222----------------------------
text: Animesh Gaitonde
link: https://medium.com/@animeshgaitonde?source=bookmarks---------223----------------------------
text: Israel Miles
link: https://israel-miles.medium.com/?source=bookmarks---------224----------------------------
text: Victoria Drake
link: https://medium.com/@victoriadotdev?source=bookmarks---------225----------------------------
text: Eugene Retunsky
link: https://xnuter.medium.com/?source=bookmarks---------226----------------------------
text: Java Brains
link: https://medium.com/@javabrainsmain?source=bookmarks---------227----------------------------
text: Matthew MacDonald
link: https://medium.com/@prosetech?source=bookmarks---------228----------------------------
text: Philipp Schmid
link: https://medium.com/@schmidphilipp1995?source=bookmarks---------229----------------------------
text: Pramono Winata
link: https://pramonow.medium.com/?source=bookmarks---------230----------------------------
text: almas muhtadi
link: https://medium.com/@almas.hilman?source=bookmarks---------231----------------------------
text: Robert Weber
link: https://medium.com/@robert_70579?source=bookmarks---------232----------------------------
text: Abhishek Mishra
link: https://innocentcoder.medium.com/?source=bookmarks---------233----------------------------
text: Wilson Tan
link: https://wilson-tech.medium.com/?source=bookmarks---------234----------------------------
text: Michael McMillan
link: https://mmmcmillan1957.medium.com/?source=bookmarks---------235----------------------------
text: Anil Vedala
link: https://medium.com/@anilvedala?source=bookmarks---------236----------------------------
text: Jane Kozhevnikova
link: https://jkozhevnikova.medium.com/?source=bookmarks---------237----------------------------
text: Koray Göçmen
link: https://koraygocmen.medium.com/?source=bookmarks---------238----------------------------
text: Rajat Sharma
link: https://medium.com/@rajat.sharma2296?source=bookmarks---------239----------------------------
text: Nikos Katirtzis
link: https://medium.com/@nkatirtzis?source=bookmarks---------240----------------------------
text: André Marques
link: https://almarques.medium.com/?source=bookmarks---------241----------------------------
text: Shivam Rathore
link: https://medium.com/@Shivam010?source=bookmarks---------242----------------------------
text: Mohammad Ahmad
link: https://ahmasoh.medium.com/?source=bookmarks---------243----------------------------
text: Oleg Schelkunov
link: https://medium.com/@olegcodes?source=bookmarks---------244----------------------------
text: Arindam Roy
link: https://medium.com/@arindamroy?source=bookmarks---------245----------------------------
text: Brian Mayer
link: https://medium.com/@bleemayer?source=bookmarks---------246----------------------------
text: Gaurav Agarwal
link: https://medium.com/@bharatmicrosystems?source=bookmarks---------247----------------------------
text: Israel Miles
link: https://israel-miles.medium.com/?source=bookmarks---------248----------------------------
text: Michael McMillan
link: https://mmmcmillan1957.medium.com/?source=bookmarks---------249----------------------------
text: François Paupier
link: https://medium.com/@francois.paupier?source=bookmarks---------250----------------------------
text: Arindam Roy
link: https://medium.com/@arindamroy?source=bookmarks---------251----------------------------
text: Fernando Souza
link: https://medium.com/@cleberdsouza?source=bookmarks---------252----------------------------
text: Jack Yeh
link: https://medium.com/@yayajacky?source=bookmarks---------253----------------------------
text: Richard Youngkin
link: https://medium.com/@RichYoungkin?source=bookmarks---------254----------------------------
text: Emmanuel Marboeuf
link: https://medium.com/@emmanuelboumeraf?source=bookmarks---------255----------------------------
text: Dipesh Dulal
link: https://medium.com/@dipesh.dulal?source=bookmarks---------256----------------------------
text: Zack Proser
link: https://medium.com/@zackproser?source=bookmarks---------257----------------------------
text: Oleg Stotsky
link: https://olegstotsky.medium.com/?source=bookmarks---------258----------------------------
text: Gregory Terzian
link: https://medium.com/@polyglot_factotum?source=bookmarks---------259----------------------------
text: Phil Pearl
link: https://medium.com/@philpearl?source=bookmarks---------260----------------------------
text: Phil Pearl
link: https://medium.com/@philpearl?source=bookmarks---------261----------------------------
text: Phil Pearl
link: https://medium.com/@philpearl?source=bookmarks---------262----------------------------
text: Phil Pearl
link: https://medium.com/@philpearl?source=bookmarks---------263----------------------------
text: Phil Pearl
link: https://medium.com/@philpearl?source=bookmarks---------264----------------------------
text: Phil Pearl
link: https://medium.com/@philpearl?source=bookmarks---------265----------------------------
text: Tom Waterman
link: https://medium.com/@tjwaterman99?source=bookmarks---------266----------------------------
text: Jens Hausherr
link: https://medium.com/@jhausherr?source=bookmarks---------267----------------------------
text: Tremaine Eto
link: https://tremaineeto.medium.com/?source=bookmarks---------268----------------------------
text: Roman Budnikov
link: https://medium.com/@romanyx90?source=bookmarks---------269----------------------------
text: Vincent Blanchon
link: https://medium.com/@blanchon.vincent?source=bookmarks---------270----------------------------
text: Martin Heinz
link: https://medium.com/@martin.heinz?source=bookmarks---------271----------------------------
text: Vincent Blanchon
link: https://medium.com/@blanchon.vincent?source=bookmarks---------272----------------------------
text: Jonathan Fulton
link: https://medium.com/@jonathan_fulton?source=bookmarks---------273----------------------------
text: Kartik Khare
link: https://medium.com/@kharekartik?source=bookmarks---------274----------------------------
text: Aleksandr Sokolovskii
link: https://medium.com/@amsokol.com?source=bookmarks---------275----------------------------
text: Dirk Hoekstra
link: https://medium.com/@dirk_hoekstra?source=bookmarks---------276----------------------------
text: Shubham Chadokar
link: https://medium.com/@schadokar?source=bookmarks---------277----------------------------
text: Vincent Blanchon
link: https://medium.com/@blanchon.vincent?source=bookmarks---------278----------------------------
text: Tj Blogumas
link: https://tjblog.medium.com/?source=bookmarks---------279----------------------------
text: Kailash Ahirwar
link: https://medium.com/@kailashahirwar?source=bookmarks---------280----------------------------
text: Uday Hiwarale
link: https://thatisuday.medium.com/?source=bookmarks---------281----------------------------
text: Teiva Harsanyi
link: https://teivah.medium.com/?source=bookmarks---------282----------------------------
text: Kent Rancourt
link: https://medium.com/@kent.rancourt?source=bookmarks---------283----------------------------
text: Kasun Vithanage
link: https://medium.com/@kasvith?source=bookmarks---------284----------------------------
text: Cassie Kozyrkov
link: https://kozyrkov.medium.com/?source=bookmarks---------285----------------------------
text: Phil Pearl
link: https://medium.com/@philpearl?source=bookmarks---------286----------------------------
text: Jeremy Zhang
link: https://meatba11.medium.com/?source=bookmarks---------287----------------------------
text: Tim Jones
link: https://medium.com/@tjdevelops?source=bookmarks---------288----------------------------
text: Kingsley Tan
link: https://medium.com/@sengking.tan?source=bookmarks---------289----------------------------
text: Luke Prendergast
link: https://medium.com/@lukeprend?source=bookmarks---------290----------------------------
text: Elliot Chance
link: https://elliotchance.medium.com/?source=bookmarks---------291----------------------------
text: Samarth Deyagond
link: https://medium.com/@deyagondsamarth?source=bookmarks---------292----------------------------
text: Paulo Gomes
link: https://medium.com/@pjbgf?source=bookmarks---------293----------------------------
text: Uday Hiwarale
link: https://thatisuday.medium.com/?source=bookmarks---------294----------------------------
text: James Le
link: https://le-james94.medium.com/?source=bookmarks---------295----------------------------
text: Mayank Gupta
link: https://medium.com/@mayank.gupta.6.88?source=bookmarks---------296----------------------------
text: Pagis
link: https://medium.com/@p.a.g.i.s?source=bookmarks---------297----------------------------
text: Krish S Bhanushali
link: https://medium.com/@krishbhanushali?source=bookmarks---------298----------------------------
text: Tal Kol
link: https://medium.com/@talkol?source=bookmarks---------299----------------------------
text: Luu Duc Hoang
link: https://medium.com/@hitech.qb?source=bookmarks---------300----------------------------
text: Jan Pieter Bruins Slot
link: https://medium.com/@0x4a50?source=bookmarks---------301----------------------------
text: Daan
link: https://medium.com/@daaaan?source=bookmarks---------302----------------------------
text: Che Dan
link: https://medium.com/@dche423?source=bookmarks---------303----------------------------
text: Abu Ashraf Masnun
link: https://medium.com/@masnun?source=bookmarks---------304----------------------------
text: Uday Hiwarale
link: https://thatisuday.medium.com/?source=bookmarks---------305----------------------------
text: Uday Hiwarale
link: https://thatisuday.medium.com/?source=bookmarks---------306----------------------------
text: Jim Lynch Codes
link: https://medium.com/@JimLynchCodes?source=bookmarks---------307----------------------------
text: Shubham Chadokar
link: https://medium.com/@schadokar?source=bookmarks---------308----------------------------
text: Bao Nguyen
link: https://medium.com/@nqbao?source=bookmarks---------309----------------------------
text: James Mallison
link: https://medium.com/@j7mbo?source=bookmarks---------310----------------------------
text: Teiva Harsanyi
link: https://teivah.medium.com/?source=bookmarks---------311----------------------------
text: Isaac Kiptanui
link: https://medium.com/@isaackmaiwa?source=bookmarks---------312----------------------------
text: Tim Jones
link: https://medium.com/@tjdevelops?source=bookmarks---------313----------------------------
text: Jonathan Fulton
link: https://medium.com/@jonathan_fulton?source=bookmarks---------314----------------------------
text: Vincent Blanchon
link: https://medium.com/@blanchon.vincent?source=bookmarks---------315----------------------------
text: Bradford Lamson-Scribner
link: https://medium.com/@bradford_hamilton?source=bookmarks---------316----------------------------
text: Rodrigo Weilg
link: https://medium.com/@rodrigoweilg?source=bookmarks---------317----------------------------
text: Milap Neupane
link: https://medium.com/@milapneupane?source=bookmarks---------318----------------------------
text: Leonardo Maldonado
link: https://medium.com/@leonardomso?source=bookmarks---------319----------------------------
text: Arun Barua
link: https://medium.com/@arunsworld?source=bookmarks---------320----------------------------
text: Vincent Blanchon
link: https://medium.com/@blanchon.vincent?source=bookmarks---------321----------------------------
text: Gabriel Tanner
link: https://medium.com/@gabrieltanner?source=bookmarks---------322----------------------------
text: Sidney Wijngaarde
link: https://medium.com/@sidneywijngaarde?source=bookmarks---------323----------------------------
text: Roman Budnikov
link: https://medium.com/@romanyx90?source=bookmarks---------324----------------------------
text: Teiva Harsanyi
link: https://teivah.medium.com/?source=bookmarks---------325----------------------------
text: Dirk Hoekstra
link: https://medium.com/@dirk_hoekstra?source=bookmarks---------326----------------------------
text: Sawit Trisirisatayawong
link: https://medium.com/@tansawit?source=bookmarks---------327----------------------------
text: Mayank Gupta
link: https://medium.com/@mayank.gupta.6.88?source=bookmarks---------328----------------------------
text: Jérôme Mottet
link: https://medium.com/@mottet.dev?source=bookmarks---------329----------------------------
text: Nick Parsons
link: https://medium.com/@nparsons08?source=bookmarks---------330----------------------------
text: Vincent Blanchon
link: https://medium.com/@blanchon.vincent?source=bookmarks---------331----------------------------
text: Zeynel Özdemir
link: https://medium.com/@ozdemir.zynl?source=bookmarks---------332----------------------------
text: Elliot Chance
link: https://elliotchance.medium.com/?source=bookmarks---------333----------------------------
text: Vincent Blanchon
link: https://medium.com/@blanchon.vincent?source=bookmarks---------334----------------------------
text: Clay Shentrup
link: https://clayshentrup.medium.com/?source=bookmarks---------335----------------------------
text: Kingsley Tan
link: https://medium.com/@sengking.tan?source=bookmarks---------336----------------------------
text: Jaana Dogan
link: https://rakyll.medium.com/?source=bookmarks---------337----------------------------
text: Deepak Ahuja
link: https://medium.com/@er.d.ahuja?source=bookmarks---------338----------------------------
text: Michal Bock
link: https://medium.com/@michal.bock?source=bookmarks---------339----------------------------
text: SeattleDataGuy
link: https://medium.com/@SeattleDataGuy?source=bookmarks---------340----------------------------
text: Uday Hiwarale
link: https://thatisuday.medium.com/?source=bookmarks---------341----------------------------
text: Chris Brown
link: https://medium.com/@ccbrown?source=bookmarks---------342----------------------------
text: Dhia
link: https://medium.com/@dhiatn?source=bookmarks---------343----------------------------
text: Mithali R Shetty
link: https://medium.com/@r.mithalishetty?source=bookmarks---------344----------------------------
text: Haluan Mohammad Irsad
link: https://haluan.medium.com/?source=bookmarks---------345----------------------------
text: Vincent Blanchon
link: https://medium.com/@blanchon.vincent?source=bookmarks---------346----------------------------
text: Gary Frederick
link: https://medium.com/@Gary.Frederick?source=bookmarks---------347----------------------------
text: Peter Christian Fraedrich
link: https://medium.com/@peterfraedrich?source=bookmarks---------348----------------------------
text: Madhavan Nagarajan
link: https://medium.com/@itIsMadhavan?source=bookmarks---------349----------------------------
text: Ankur Agarwal
link: https://medium.com/@ankur_a22?source=bookmarks---------350----------------------------
text: Ben Soyka
link: https://bsoyka.medium.com/?source=bookmarks---------351----------------------------
text: Sajal Dulal
link: https://sajaldulal.medium.com/?source=bookmarks---------352----------------------------
text: Phil Pearl
link: https://medium.com/@philpearl?source=bookmarks---------353----------------------------
text: James Loy
link: https://medium.com/@jamesloyys?source=bookmarks---------354----------------------------
text: Adam Geitgey
link: https://medium.com/@ageitgey?source=bookmarks---------355----------------------------
text: Arindam Roy
link: https://medium.com/@arindamroy?source=bookmarks---------356----------------------------
text: Aphinya Dechalert
link: https://medium.com/@PurpleGreenLemon?source=bookmarks---------357----------------------------
text: appfleet team
link: https://medium.com/@appfleet?source=bookmarks---------358----------------------------
text: Ali AslRousta
link: https://medium.com/@aslrousta?source=bookmarks---------359----------------------------
text: Vincent Blanchon
link: https://medium.com/@blanchon.vincent?source=bookmarks---------360----------------------------
text: Hengfeng Li
link: https://medium.com/@hengfeng?source=bookmarks---------361----------------------------
text: Hagen Hübel
link: https://medium.com/@hagenverfolgt?source=bookmarks---------362----------------------------
text: Márk Sági-Kazár
link: https://medium.com/@mark.sagikazar?source=bookmarks---------363----------------------------
text: Mayank Gupta
link: https://medium.com/@mayank.gupta.6.88?source=bookmarks---------364----------------------------
text: Shubham Chadokar
link: https://medium.com/@schadokar?source=bookmarks---------365----------------------------
text: Adam Geitgey
link: https://medium.com/@ageitgey?source=bookmarks---------366----------------------------
text: Md Kamaruzzaman
link: https://medium.com/@md.kamaruzzaman?source=bookmarks---------367----------------------------
text: Yuri Brito
link: https://medium.com/@yuri.brito?source=bookmarks---------368----------------------------
text: Kent Rancourt
link: https://medium.com/@kent.rancourt?source=bookmarks---------369----------------------------
text: Roman Budnikov
link: https://medium.com/@romanyx90?source=bookmarks---------370----------------------------
text: Vincent Blanchon
link: https://medium.com/@blanchon.vincent?source=bookmarks---------371----------------------------
text: Filip Sufitchi
link: https://medium.com/@fsufitch?source=bookmarks---------372----------------------------
text: Indrek Lasn
link: https://indreklasn.medium.com/?source=bookmarks---------373----------------------------
text: Adeshina H. Hassan
link: https://medium.com/@adeshinaHH?source=bookmarks---------374----------------------------
text: Cedric Conol
link: https://medium.com/@conolcedric?source=bookmarks---------375----------------------------
text: Vincent Blanchon
link: https://medium.com/@blanchon.vincent?source=bookmarks---------376----------------------------
text: Bradford Lamson-Scribner
link: https://medium.com/@bradford_hamilton?source=bookmarks---------377----------------------------
text: Rupali Roy
link: https://medium.com/@rupali.roy30?source=bookmarks---------378----------------------------
text: Dirk Hoekstra
link: https://medium.com/@dirk_hoekstra?source=bookmarks---------379----------------------------
text: Akash Thomas
link: https://medium.com/@akash.thomas?source=bookmarks---------380----------------------------
text: Kevin Jonathan Harnanta
link: https://medium.com/@crossmajor99?source=bookmarks---------381----------------------------
text: Pedram Hajesmaeeli
link: https://medium.com/@pedram.esmaeeli?source=bookmarks---------382----------------------------
text: Elliot Chance
link: https://elliotchance.medium.com/?source=bookmarks---------383----------------------------
text: Vincent Blanchon
link: https://medium.com/@blanchon.vincent?source=bookmarks---------384----------------------------
text: Cristiano Ventura
link: https://medium.com/@cristiano.ventura?source=bookmarks---------385----------------------------
text: Mayank Gupta
link: https://medium.com/@mayank.gupta.6.88?source=bookmarks---------386----------------------------
text: Stephen Worsley
link: https://medium.com/@stephenworsley?source=bookmarks---------387----------------------------
text: Bijesh O S
link: https://medium.com/@bijeshos?source=bookmarks---------388----------------------------
text: Michael Vinh Xuan Thanh
link: https://medium.com/@michael.thanh?source=bookmarks---------389----------------------------
text: Mayank Gupta
link: https://medium.com/@mayank.gupta.6.88?source=bookmarks---------390----------------------------
text: Irbe Krumina
link: https://medium.com/@irbekrm?source=bookmarks---------391----------------------------
text: Yitaek Hwang
link: https://medium.com/@yitaek?source=bookmarks---------392----------------------------
text: Arthur Arnx
link: https://medium.com/@artux51?source=bookmarks---------393----------------------------
text: Vijini Mallawaarachchi
link: https://vijini.medium.com/?source=bookmarks---------394----------------------------
text: Vincent Blanchon
link: https://medium.com/@blanchon.vincent?source=bookmarks---------395----------------------------
text: Caleb Kaiser
link: https://medium.com/@calebkaiser?source=bookmarks---------396----------------------------
text: Vincent Blanchon
link: https://medium.com/@blanchon.vincent?source=bookmarks---------397----------------------------
text: Arun Mathew Kurian
link: https://medium.com/@amkurian?source=bookmarks---------398----------------------------
text: Satya Ganesh
link: https://satyaganesh987.medium.com/?source=bookmarks---------399----------------------------
text: Steven Popovich
link: https://medium.com/@steven.popovich?source=bookmarks---------400----------------------------
text: Marie Lopez B
link: https://medium.com/@marie.lopez.b?source=bookmarks---------401----------------------------
text: Aswin G
link: https://medium.com/@agzuniverse?source=bookmarks---------402----------------------------
text: Caleb Kaiser
link: https://medium.com/@calebkaiser?source=bookmarks---------403----------------------------
text: Vincent Blanchon
link: https://medium.com/@blanchon.vincent?source=bookmarks---------404----------------------------
text: Chanaka Lakmal
link: https://medium.com/@ldclakmal?source=bookmarks---------405----------------------------
text: Arkady Balaba
link: https://medium.com/@arkadybalaba?source=bookmarks---------406----------------------------
text: dm03514
link: https://medium.com/@dm03514?source=bookmarks---------407----------------------------
text: Anatoliy Fedorenko
link: https://medium.com/@anatoliyfedorenko?source=bookmarks---------408----------------------------
text: Anatoliy Fedorenko
link: https://medium.com/@anatoliyfedorenko?source=bookmarks---------409----------------------------
text: Anatoliy Fedorenko
link: https://medium.com/@anatoliyfedorenko?source=bookmarks---------410----------------------------
text: Anatoliy Fedorenko
link: https://medium.com/@anatoliyfedorenko?source=bookmarks---------411----------------------------
text: SystemGlitch
link: https://medium.com/@systemglitch?source=bookmarks---------412----------------------------
text: Arnesh Agrawal
link: https://medium.com/@arnesh07?source=bookmarks---------413----------------------------
text: Robert Weber
link: https://medium.com/@robert_70579?source=bookmarks---------414----------------------------
text: Prof Bill Buchanan OBE
link: https://billatnapier.medium.com/?source=bookmarks---------415----------------------------
text: Tyler Finethy
link: https://medium.com/@tylfin?source=bookmarks---------416----------------------------
text: Vincent Blanchon
link: https://medium.com/@blanchon.vincent?source=bookmarks---------417----------------------------
text: Sean Liu
link: https://medium.com/@yliu.inbox?source=bookmarks---------418----------------------------
text: James Mallison
link: https://medium.com/@j7mbo?source=bookmarks---------419----------------------------
text: Caleb Kaiser
link: https://medium.com/@calebkaiser?source=bookmarks---------420----------------------------
text: Tyler Finethy
link: https://medium.com/@tylfin?source=bookmarks---------421----------------------------
text: Vincent Blanchon
link: https://medium.com/@blanchon.vincent?source=bookmarks---------422----------------------------
text: Dirk Hoekstra
link: https://medium.com/@dirk_hoekstra?source=bookmarks---------423----------------------------
text: Simon Holdorf
link: https://medium.com/@simon.holdorf?source=bookmarks---------424----------------------------
text: Robin Bastian
link: https://medium.com/@BastianRob?source=bookmarks---------425----------------------------
text: Riz
link: https://medium.com/@rizwaniqbal?source=bookmarks---------426----------------------------
text: Manato Kuroda
link: https://manakuro.medium.com/?source=bookmarks---------427----------------------------
text: Saurabh Nayar
link: https://medium.com/@ImSNayar?source=bookmarks---------428----------------------------
text: David Luecke
link: https://medium.com/@daffl?source=bookmarks---------429----------------------------
text: Shilpi Gupta
link: https://medium.com/@shilpi75?source=bookmarks---------430----------------------------
text: Dmitry Selemir
link: https://medium.com/@datingpolygons?source=bookmarks---------431----------------------------
text: Kislay Verma
link: https://kislayverma.medium.com/?source=bookmarks---------432----------------------------
text: Eric Lang
link: https://medium.com/@exyzzy?source=bookmarks---------433----------------------------
text: Eric Lang
link: https://medium.com/@exyzzy?source=bookmarks---------434----------------------------
text: Eric Lang
link: https://medium.com/@exyzzy?source=bookmarks---------435----------------------------
text: Eric Lang
link: https://medium.com/@exyzzy?source=bookmarks---------436----------------------------
text: Michael Bykovski
link: https://medium.com/@bykovskimichael?source=bookmarks---------437----------------------------
text: Michael Bykovski
link: https://medium.com/@bykovskimichael?source=bookmarks---------438----------------------------
text: Michael Bykovski
link: https://medium.com/@bykovskimichael?source=bookmarks---------439----------------------------
text: Michael Bykovski
link: https://medium.com/@bykovskimichael?source=bookmarks---------440----------------------------
text: Ricardo Linck
link: https://ricardo-linck.medium.com/?source=bookmarks---------441----------------------------
text: Ricardo Linck
link: https://ricardo-linck.medium.com/?source=bookmarks---------442----------------------------
text: Ricardo Linck
link: https://ricardo-linck.medium.com/?source=bookmarks---------443----------------------------
text: Ricardo Linck
link: https://ricardo-linck.medium.com/?source=bookmarks---------444----------------------------
text: Johan Lejdung
link: https://medium.com/@johanlejdung?source=bookmarks---------445----------------------------
text: Martin Kock
link: https://medium.com/@cookie80?source=bookmarks---------446----------------------------
text: Vincent Blanchon
link: https://medium.com/@blanchon.vincent?source=bookmarks---------447----------------------------
text: Martin Heinz
link: https://medium.com/@martin.heinz?source=bookmarks---------448----------------------------
text: Anatoliy Fedorenko
link: https://medium.com/@anatoliyfedorenko?source=bookmarks---------449----------------------------
text: Peter Christian Fraedrich
link: https://medium.com/@peterfraedrich?source=bookmarks---------450----------------------------
text: Bob
link: https://medium.com/@bebbolus?source=bookmarks---------451----------------------------
text: Pranay Singhal
link: https://medium.com/@psinghal04?source=bookmarks---------452----------------------------
text: Johan Lejdung
link: https://medium.com/@johanlejdung?source=bookmarks---------453----------------------------
text: Chip Keyes
link: https://medium.com/@ckeyes88?source=bookmarks---------454----------------------------
text: Eric Elliott
link: https://medium.com/@_ericelliott?source=bookmarks---------455----------------------------
text: Uday Hiwarale
link: https://thatisuday.medium.com/?source=bookmarks---------456----------------------------
text: Puneeth S
link: https://medium.com/@puneeth1994?source=bookmarks---------457----------------------------
text: Martin Thoma
link: https://medium.com/@MartinThoma?source=bookmarks---------458----------------------------
text: James Read
link: https://james-read.medium.com/?source=bookmarks---------459----------------------------
text: Md Kamaruzzaman
link: https://medium.com/@md.kamaruzzaman?source=bookmarks---------460----------------------------
text: Uday Hiwarale
link: https://thatisuday.medium.com/?source=bookmarks---------461----------------------------
text: Miroslav Siagi
link: https://medium.com/@miroslav.siagi?source=bookmarks---------462----------------------------
text: Uday Hiwarale
link: https://thatisuday.medium.com/?source=bookmarks---------463----------------------------
text: Florian Wetschoreck
link: https://medium.com/@florian.wetschoreck?source=bookmarks---------464----------------------------
text: Filipe Silva
link: https://medium.com/@filipe_silva?source=bookmarks---------465----------------------------
text: Dirk Hoekstra
link: https://medium.com/@dirk_hoekstra?source=bookmarks---------466----------------------------
text: Alexandra Samuel
link: https://medium.com/@awsamuel?source=bookmarks---------467----------------------------
text: Victor Sim
link: https://medium.com/@victorwtsim?source=bookmarks---------468----------------------------
text: Martin Stancanelli
link: https://mastanca.medium.com/?source=bookmarks---------469----------------------------
text: Arindam Roy
link: https://medium.com/@arindamroy?source=bookmarks---------470----------------------------
text: Xiao Ma
link: https://xiao.medium.com/?source=bookmarks---------471----------------------------
text: Emmanuel Sys
link: https://medium.com/@emmanuel.sys?source=bookmarks---------472----------------------------
text: Lew C
link: https://medium.com/@lewwybogus?source=bookmarks---------473----------------------------
text: Matthew Wimberly
link: https://medium.com/@matthew.wimb?source=bookmarks---------474----------------------------
text: Alex Pliutau
link: https://medium.com/@pliutau?source=bookmarks---------475----------------------------
text: Elliot Chance
link: https://elliotchance.medium.com/?source=bookmarks---------476----------------------------
text: Jack Lindamood
link: https://medium.com/@cep21?source=bookmarks---------477----------------------------
text: Mehrdad Esmaeilpour
link: https://medium.com/@mehrdadep?source=bookmarks---------478----------------------------
text: Arindam Roy
link: https://medium.com/@arindamroy?source=bookmarks---------479----------------------------
text: Vincent Blanchon
link: https://medium.com/@blanchon.vincent?source=bookmarks---------480----------------------------
text: Gilang Prambudi
link: https://gilangprambudi.medium.com/?source=bookmarks---------481----------------------------
text: Akash Jain
link: https://perennialsky.medium.com/?source=bookmarks---------482----------------------------
text: Ayomide Onigbinde
link: https://medium.com/@onigbindeayomidesnr?source=bookmarks---------483----------------------------
text: Cheri Hung
link: https://medium.com/@cyhung?source=bookmarks---------484----------------------------
text: Márk Sági-Kazár
link: https://medium.com/@mark.sagikazar?source=bookmarks---------485----------------------------
text: Alessandro Segala
link: https://medium.com/@italypaleale?source=bookmarks---------486----------------------------
text: Kent Rancourt
link: https://medium.com/@kent.rancourt?source=bookmarks---------487----------------------------
text: Jonathan Levison
link: https://medium.com/@jonathanlevison?source=bookmarks---------488----------------------------
text: Vladimir Vivien
link: https://medium.com/@vladimirvivien?source=bookmarks---------489----------------------------
text: Balakrishnan Nalin Prashanth
link: https://medium.com/@bnprashanth256?source=bookmarks---------490----------------------------
text: Dora Lourenço
link: https://medium.com/@doralourenco?source=bookmarks---------491----------------------------
text: Kovid Rathee
link: https://kovidrathee.medium.com/?source=bookmarks---------492----------------------------
text: Dasaradh S K
link: https://medium.com/@dasaradhsk?source=bookmarks---------493----------------------------
text: Vivek Kumar Singh
link: https://medium.com/@vivek_syngh?source=bookmarks---------494----------------------------
text: Liz Rice
link: https://medium.com/@lizrice?source=bookmarks---------495----------------------------
text: Arindam Roy
link: https://medium.com/@arindamroy?source=bookmarks---------496----------------------------
text: Paulo Gomes
link: https://medium.com/@pjbgf?source=bookmarks---------497----------------------------
text: Adam Presley
link: https://adam-presley.medium.com/?source=bookmarks---------498----------------------------
text: Zach Johnson
link: https://medium.com/@zach_johnson?source=bookmarks---------499----------------------------
text: Anuradha Wickramarachchi
link: https://anuradhawick.medium.com/?source=bookmarks---------500----------------------------
text: Niraj Fonseka
link: https://medium.com/@fonseka.live?source=bookmarks---------501----------------------------
text: DLT Labs
link: https://dltlabs.medium.com/?source=bookmarks---------502----------------------------
text: Angela Lashbrook
link: https://angelalashbrook.medium.com/?source=bookmarks---------503----------------------------
text: Byron Dolon
link: https://medium.com/@byrondolon?source=bookmarks---------504----------------------------
text: Doug Guthrie
link: https://medium.com/@douglas.p.guthrie?source=bookmarks---------505----------------------------
text: victor steven
link: https://medium.com/@victorsteven?source=bookmarks---------506----------------------------
text: Erik van Baaren
link: https://medium.com/@eriky?source=bookmarks---------507----------------------------
text: Mottakin Chowdhury
link: https://medium.com/@mottakin?source=bookmarks---------508----------------------------
text: Alain Drolet
link: https://medium.com/@alain.drolet.0?source=bookmarks---------509----------------------------
text: Ciaran Mcveigh
link: https://medium.com/@ciaranmcveigh5?source=bookmarks---------510----------------------------
text: Marko Kevac
link: https://medium.com/@mkevac?source=bookmarks---------511----------------------------
text: Andrew Minkin
link: https://medium.com/@Gen1us2k?source=bookmarks---------512----------------------------
text: Esslam Ben Ramadan
link: https://medium.com/@esslamben?source=bookmarks---------513----------------------------
text: Claire Chabas
link: https://medium.com/@clairechabas?source=bookmarks---------514----------------------------
text: Renegade Knight
link: https://medium.com/@trustonailende?source=bookmarks---------515----------------------------
text: Gleb Lukicov
link: https://medium.com/@lukicov?source=bookmarks---------516----------------------------
text: Tyler Finethy
link: https://medium.com/@tylfin?source=bookmarks---------517----------------------------
text: Mohamad Fadhil
link: https://medium.com/@fadhilyaacob?source=bookmarks---------518----------------------------
text: Sunil Sandhu
link: https://sunilsandhu.medium.com/?source=bookmarks---------519----------------------------
text: Riteek Srivastav
link: https://medium.com/@riteeksrivastava?source=bookmarks---------520----------------------------
text: Matt Maribojoc
link: https://medium.com/@mattmaribojoc?source=bookmarks---------521----------------------------
text: Abhishek Gupta
link: https://abhishek1987.medium.com/?source=bookmarks---------522----------------------------
text: Stefan Pöltl
link: https://medium.com/@stefan.poeltl?source=bookmarks---------523----------------------------
text: Jérôme Mottet
link: https://medium.com/@mottet.dev?source=bookmarks---------524----------------------------
text: Che Dan
link: https://medium.com/@dche423?source=bookmarks---------525----------------------------
text: keypressingmonkey
link: https://medium.com/@keypressingmonkey?source=bookmarks---------526----------------------------
text: Tivadar Danka
link: https://medium.com/@tivadar.danka?source=bookmarks---------527----------------------------
text: martin cartledge
link: https://spindriftboi.medium.com/?source=bookmarks---------528----------------------------
text: David Mezzetti
link: https://medium.com/@davidmezzetti?source=bookmarks---------529----------------------------
text: Che Dan
link: https://medium.com/@dche423?source=bookmarks---------530----------------------------
text: Yakko Majuri
link: https://yakkomajuri.medium.com/?source=bookmarks---------531----------------------------
text: Java Brains
link: https://medium.com/@javabrainsmain?source=bookmarks---------532----------------------------
text: Bharti Purohit
link: https://bharti-purohit.medium.com/?source=bookmarks---------533----------------------------
text: mourya venkat
link: https://mourya-g9.medium.com/?source=bookmarks---------534----------------------------
text: Michael Krasnov
link: https://medium.com/@mihalkrasnov?source=bookmarks---------535----------------------------
text: Tremaine Eto
link: https://tremaineeto.medium.com/?source=bookmarks---------536----------------------------
text: Igor Domrev
link: https://medium.com/@domrevigor?source=bookmarks---------537----------------------------
text: Adeshina H. Hassan
link: https://medium.com/@adeshinaHH?source=bookmarks---------538----------------------------
text: Justin Graber
link: https://medium.com/@justin.graber?source=bookmarks---------539----------------------------
text: Vincent Blanchon
link: https://medium.com/@blanchon.vincent?source=bookmarks---------540----------------------------
text: Vincent Blanchon
link: https://medium.com/@blanchon.vincent?source=bookmarks---------541----------------------------
text: Nicklas Millard
link: https://nmillard.medium.com/?source=bookmarks---------542----------------------------
text: Nicklas Millard
link: https://nmillard.medium.com/?source=bookmarks---------543----------------------------
text: Olena Stoliarova
link: https://medium.com/@olena_stoliarova?source=bookmarks---------544----------------------------
text: Tom Buyse
link: https://medium.com/@buyseto?source=bookmarks---------545----------------------------
text: Dirk Hoekstra
link: https://medium.com/@dirk_hoekstra?source=bookmarks---------546----------------------------
text: Vu Xuan Nhat Tran
link: https://medium.com/@xuannhat25?source=bookmarks---------547----------------------------
text: Martin Heinz
link: https://medium.com/@martin.heinz?source=bookmarks---------548----------------------------
text: Keith Perry
link: https://medium.com/@keperry?source=bookmarks---------549----------------------------
text: Mat Ryer
link: https://medium.com/@matryer?source=bookmarks---------550----------------------------
text: Paolo Gallina
link: https://medium.com/@paolo.gallina?source=bookmarks---------551----------------------------
text: Ankur Anand
link: https://medium.com/@ankur_anand?source=bookmarks---------552----------------------------
text: João Almeida
link: https://medium.com/@jmdalmeida?source=bookmarks---------553----------------------------
text: Mohamed Labouardy
link: https://medium.com/@mlabouardy?source=bookmarks---------554----------------------------
text: Yusuf Syaifudin
link: https://yusufs.medium.com/?source=bookmarks---------555----------------------------
text: Igor Mandrigin
link: https://medium.com/@mandrigin?source=bookmarks---------556----------------------------
text: Henrique Mota
link: https://medium.com/@boltmick1?source=bookmarks---------557----------------------------
text: James Cox
link: https://medium.com/@jcox250?source=bookmarks---------558----------------------------
text: Raúl González Martínez
link: https://medium.com/@Raulgzm?source=bookmarks---------559----------------------------
text: Josh McMenemy
link: https://medium.com/@McMenemy?source=bookmarks---------560----------------------------
text: Quentin Renard
link: https://medium.com/@asticode?source=bookmarks---------561----------------------------
text: Ying Kit Yuen
link: https://medium.com/@ykyuen?source=bookmarks---------562----------------------------
text: Sudip Raval
link: https://medium.com/@rsudip90?source=bookmarks---------563----------------------------
text: Ridham Tarpara
link: https://medium.com/@RidhamTarpara?source=bookmarks---------564----------------------------
text: Abu Ashraf Masnun
link: https://medium.com/@masnun?source=bookmarks---------565----------------------------
text: Iman Tumorang
link: https://medium.com/@imantumorang?source=bookmarks---------566----------------------------
text: Hriddhi Dey
link: https://medium.com/@hriddhidey?source=bookmarks---------567----------------------------
text: Quick Code
link: https://medium.com/@QuickCode?source=bookmarks---------568----------------------------
text: Inanc Gumus
link: https://medium.com/@inanc?source=bookmarks---------569----------------------------
text: Or Hiltch
link: https://medium.com/@_orcaman?source=bookmarks---------570----------------------------
text: Michał Łowicki
link: https://medium.com/@mlowicki?source=bookmarks---------571----------------------------
text: Mat Ryer
link: https://medium.com/@matryer?source=bookmarks---------572----------------------------
text: Michał Łowicki
link: https://medium.com/@mlowicki?source=bookmarks---------573----------------------------
text: Ian Duncan
link: https://medium.com/@ianduncan08?source=bookmarks---------574----------------------------
text: Mat Ryer
link: https://medium.com/@matryer?source=bookmarks---------575----------------------------
text: Velotio Technologies
link: https://medium.com/@velotio?source=bookmarks---------576----------------------------
text: Ankur Anand
link: https://medium.com/@ankur_anand?source=bookmarks---------577----------------------------
text: Henrique Mota
link: https://medium.com/@boltmick1?source=bookmarks---------578----------------------------
text: Michał Łowicki
link: https://medium.com/@mlowicki?source=bookmarks---------579----------------------------
text: C H
link: https://medium.com/@chemidy?source=bookmarks---------580----------------------------
text: Shaon Shaonty
link: https://medium.com/@shaonshaonty?source=bookmarks---------581----------------------------
text: Mat Ryer
link: https://medium.com/@matryer?source=bookmarks---------582----------------------------
text: Saddam H
link: https://medium.com/@thedevsaddam?source=bookmarks---------583----------------------------
text: Bogdan Alexandru Militaru
link: https://boobo94.medium.com/?source=bookmarks---------584----------------------------
text: Iman Tumorang
link: https://medium.com/@imantumorang?source=bookmarks---------585----------------------------
text: Quintin G.
link: https://medium.com/@quintinglvr?source=bookmarks---------586----------------------------
text: Wilson Tan
link: https://wilson-tech.medium.com/?source=bookmarks---------587----------------------------
text: Seán Murphy
link: https://medium.com/@sean_24982?source=bookmarks---------588----------------------------
text: Dakshraj Sharma
link: https://medium.com/@sharmarajdaksh?source=bookmarks---------589----------------------------
text: Pramono Winata
link: https://pramonow.medium.com/?source=bookmarks---------590----------------------------
text: Ivor Scott
link: https://medium.com/@ivorscott?source=bookmarks---------591----------------------------
text: Sajal Dulal
link: https://sajaldulal.medium.com/?source=bookmarks---------592----------------------------
text: Rain Wu
link: https://medium.com/@Rain_Wu?source=bookmarks---------593----------------------------
text: Kief H. Shemul
link: https://medium.com/@theshemul?source=bookmarks---------594----------------------------
text: Navjot Sidhu
link: https://medium.com/@sidhunavjot?source=bookmarks---------595----------------------------
text: Kunal Desai
link: https://medium.com/@kunaljaydesai?source=bookmarks---------596----------------------------
text: Singhania Aditya
link: https://medium.com/@singhania94?source=bookmarks---------597----------------------------
text: Vonage Dev
link: https://vonagedev.medium.com/?source=bookmarks---------598----------------------------
text: Toni Akinmolayan
link: https://medium.com/@akinmolayanoluwatoni?source=bookmarks---------599----------------------------
text: Sau Sheong
link: https://medium.com/@sausheong?source=bookmarks---------600----------------------------
text: Dipesh Dulal
link: https://medium.com/@dipesh.dulal?source=bookmarks---------601----------------------------
text: martin cartledge
link: https://spindriftboi.medium.com/?source=bookmarks---------602----------------------------
text: Purnaresa Yuliartanto
link: https://medium.com/@purnaresa?source=bookmarks---------603----------------------------
text: Shivangi Sareen
link: https://medium.com/@shivangisareen?source=bookmarks---------604----------------------------
text: Isacc Hernandez Marquez
link: https://medium.com/@isacc1798?source=bookmarks---------605----------------------------
text: Juan Curti
link: https://juancurti.medium.com/?source=bookmarks---------606----------------------------
text: Sampathch
link: https://medium.com/@sampath5898ch?source=bookmarks---------607----------------------------
text: martin cartledge
link: https://spindriftboi.medium.com/?source=bookmarks---------608----------------------------
text: Maulana Rasoky Nasution
link: https://medium.com/@rasoky.maulana?source=bookmarks---------609----------------------------
text: Kaigo
link: https://medium.com/@kaigo?source=bookmarks---------610----------------------------
text: Randil Tennakoon
link: https://medium.com/@randilt?source=bookmarks---------611----------------------------
text: Chris Kakos
link: https://medium.com/@ckakos?source=bookmarks---------612----------------------------
text: Aditya Patwardhan
link: https://medium.com/@thelordoflite?source=bookmarks---------613----------------------------
text: mourya venkat
link: https://mourya-g9.medium.com/?source=bookmarks---------614----------------------------
text: Koray Göçmen
link: https://koraygocmen.medium.com/?source=bookmarks---------615----------------------------
text: mourya venkat
link: https://mourya-g9.medium.com/?source=bookmarks---------616----------------------------
text: Anil Kumar Nayak
link: https://medium.com/@anil.k.nayak8?source=bookmarks---------617----------------------------
text: Dipesh Dulal
link: https://medium.com/@dipesh.dulal?source=bookmarks---------618----------------------------
text: Alessandro Segala
link: https://medium.com/@italypaleale?source=bookmarks---------619----------------------------
text: Vincent Blanchon
link: https://medium.com/@blanchon.vincent?source=bookmarks---------620----------------------------
text: Praditya Adhitama
link: https://medium.com/@pradityadhitama?source=bookmarks---------621----------------------------
text: Dwight Hohnstein
link: https://medium.com/@djhohnstein?source=bookmarks---------622----------------------------
text: Luu Duc Hoang
link: https://medium.com/@hitech.qb?source=bookmarks---------623----------------------------
text: Rallar
link: https://medium.com/@9c196e52f3c3?source=bookmarks---------624----------------------------
text: Todd Birchard
link: https://medium.com/@toddbirchard.?source=bookmarks---------625----------------------------
text: Angus Morrison
link: https://medium.com/@angusmorrison?source=bookmarks---------626----------------------------
text: Ivor Scott
link: https://medium.com/@ivorscott?source=bookmarks---------627----------------------------
text: Michael Bykovski
link: https://medium.com/@bykovskimichael?source=bookmarks---------628----------------------------
text: Todd Birchard
link: https://medium.com/@toddbirchard.?source=bookmarks---------629----------------------------
text: Sandeep Sarkar
link: https://medium.com/@sand2rock?source=bookmarks---------630----------------------------
text: Vincent Blanchon
link: https://medium.com/@blanchon.vincent?source=bookmarks---------631----------------------------
text: Mahjoub Saifeddine
link: https://medium.com/@mahjoub.saifeddine?source=bookmarks---------632----------------------------
text: Amer Zildzic
link: https://medium.com/@amer.zildzic?source=bookmarks---------633----------------------------
text: Michael McMillan
link: https://mmmcmillan1957.medium.com/?source=bookmarks---------634----------------------------
text: Jesho Carmel
link: https://jeshocarmel.medium.com/?source=bookmarks---------635----------------------------
text: Sherif Abdel-Naby
link: https://sherifabdlnaby.medium.com/?source=bookmarks---------636----------------------------
text: Vincent Blanchon
link: https://medium.com/@blanchon.vincent?source=bookmarks---------637----------------------------
text: Arun Kant Pant
link: https://medium.com/@arunkantpant?source=bookmarks---------638----------------------------
text: Vincent Blanchon
link: https://medium.com/@blanchon.vincent?source=bookmarks---------639----------------------------
text: Marvin Blum
link: https://m5blum.medium.com/?source=bookmarks---------640----------------------------
text: MrLobby
link: https://medium.com/@mrlobby?source=bookmarks---------641----------------------------
text: MrDataPsycho
link: https://medium.com/@mr.data.psycho?source=bookmarks---------642----------------------------
text: Rakesh Mothukuri
link: https://rockey5520.medium.com/?source=bookmarks---------643----------------------------
text: Vincent Blanchon
link: https://medium.com/@blanchon.vincent?source=bookmarks---------644----------------------------
text: Thinley Norbu
link: https://medium.com/@thinley.norbu?source=bookmarks---------645----------------------------
text: nwillc
link: https://nwillc.medium.com/?source=bookmarks---------646----------------------------
text: Christian Hollinger
link: https://medium.com/@christian.hollinger?source=bookmarks---------647----------------------------
text: Vincent Blanchon
link: https://medium.com/@blanchon.vincent?source=bookmarks---------648----------------------------
text: Guillaume Jacobs
link: https://medium.com/@guillaumejacobs_76860?source=bookmarks---------649----------------------------
text: Singhania Aditya
link: https://medium.com/@singhania94?source=bookmarks---------650----------------------------
text: Parashara
link: https://medium.com/@parashara?source=bookmarks---------651----------------------------
text: Chris Kakos
link: https://medium.com/@ckakos?source=bookmarks---------652----------------------------
text: Jane Kozhevnikova
link: https://jkozhevnikova.medium.com/?source=bookmarks---------653----------------------------
text: Siddhant Sharma
link: https://medium.com/@wokenupsid?source=bookmarks---------654----------------------------
text: Giuseppe Campanelli
link: https://medium.com/@giuseppecampanelli?source=bookmarks---------655----------------------------
text: Vincent Blanchon
link: https://medium.com/@blanchon.vincent?source=bookmarks---------656----------------------------
text: Akash Jain
link: https://perennialsky.medium.com/?source=bookmarks---------657----------------------------
text: Abhishek Gupta
link: https://abhishek1987.medium.com/?source=bookmarks---------658----------------------------
text: Emil Koutanov
link: https://medium.com/@ekoutanov?source=bookmarks---------659----------------------------
text: James Brown
link: https://medium.com/@jamesbrown5292?source=bookmarks---------660----------------------------
text: Rehan Javed
link: https://medium.com/@rehanjaved237?source=bookmarks---------661----------------------------
text: kyleyost
link: https://medium.com/@kyleyost19?source=bookmarks---------662----------------------------
text: Sumedh Shakya
link: https://medium.com/@sakyasumedh?source=bookmarks---------663----------------------------
text: Jane Kozhevnikova
link: https://jkozhevnikova.medium.com/?source=bookmarks---------664----------------------------
text: Kurt F.
link: https://kurt-celsius.medium.com/?source=bookmarks---------665----------------------------
text: Angus Morrison
link: https://medium.com/@angusmorrison?source=bookmarks---------666----------------------------
text: Dmitry Chaykin
link: https://medium.com/@d.chaykin?source=bookmarks---------667----------------------------
text: Roelof Jan Elsinga
link: https://medium.com/@roelofjanelsinga?source=bookmarks---------668----------------------------
text: Thinley Norbu
link: https://medium.com/@thinley.norbu?source=bookmarks---------669----------------------------
text: Matthew Moore
link: https://medium.com/@mattmoor?source=bookmarks---------670----------------------------
text: Ricardo Linck
link: https://ricardo-linck.medium.com/?source=bookmarks---------671----------------------------
text: Felipe Caputo
link: https://medium.com/@felipecaputo?source=bookmarks---------672----------------------------
text: Gabriel G Baciu
link: https://medium.com/@motiooon?source=bookmarks---------673----------------------------
text: Lorenzo De Leon
link: https://lorenzodeleon.medium.com/?source=bookmarks---------674----------------------------
text: Ivor Scott
link: https://medium.com/@ivorscott?source=bookmarks---------675----------------------------
text: Vincent Blanchon
link: https://medium.com/@blanchon.vincent?source=bookmarks---------676----------------------------
text: Luc Juggery
link: https://medium.com/@lucjuggery?source=bookmarks---------677----------------------------
text: Fernando Souza
link: https://medium.com/@cleberdsouza?source=bookmarks---------678----------------------------
text: Anish B.K.
link: https://medium.com/@sunaranish17?source=bookmarks---------679----------------------------
text: Fernando Souza
link: https://medium.com/@cleberdsouza?source=bookmarks---------680----------------------------
text: Ricardo Linck
link: https://ricardo-linck.medium.com/?source=bookmarks---------681----------------------------
text: Nathan Smith
link: https://medium.com/@nate510?source=bookmarks---------682----------------------------
text: Mark Nelson
link: https://medium.com/@mark.x.nelson?source=bookmarks---------683----------------------------
text: Mahdi Darabi
link: https://mahdidarabi.medium.com/?source=bookmarks---------684----------------------------
text: Ali Josie
link: https://alijosie.medium.com/?source=bookmarks---------685----------------------------
text: Jin Feng
link: https://medium.com/@jfeng45?source=bookmarks---------686----------------------------
text: Towards AI Team
link: https://medium.com/@towards_ai?source=bookmarks---------687----------------------------
text: Oren Rose
link: https://medium.com/@orenrosenblum?source=bookmarks---------688----------------------------
text: Lee McGowan
link: https://medium.com/@lee.mcgowan.work?source=bookmarks---------689----------------------------
text: Sanad Haj
link: https://medium.com/@hajsanad?source=bookmarks---------690----------------------------
text: Steven Nguyen
link: https://medium.com/@stnguyen90?source=bookmarks---------691----------------------------
text: Tufin
link: https://tufin.medium.com/?source=bookmarks---------692----------------------------
text: Andrew Blance
link: https://medium.com/@andrewblance?source=bookmarks---------693----------------------------
text: Indrek Lasn
link: https://indreklasn.medium.com/?source=bookmarks---------694----------------------------
text: Abner Souza
link: https://medium.com/@abnerssouza?source=bookmarks---------695----------------------------
text: François Paupier
link: https://medium.com/@francois.paupier?source=bookmarks---------696----------------------------
text: Avishek Ganguly
link: https://medium.com/@avishek.g?source=bookmarks---------697----------------------------
text: Rakesh Mothukuri
link: https://rockey5520.medium.com/?source=bookmarks---------698----------------------------
text: Akshay Gollahalli
link: https://medium.com/@akshaybabloo?source=bookmarks---------699----------------------------
text: Michael Ernst
link: https://medium.com/@mier85?source=bookmarks---------700----------------------------
text: Nicklas Millard
link: https://nmillard.medium.com/?source=bookmarks---------701----------------------------
text: Vincent Blanchon
link: https://medium.com/@blanchon.vincent?source=bookmarks---------702----------------------------
text: Michele Caci
link: https://medium.com/@nikiforos_frees?source=bookmarks---------703----------------------------
text: Vincent Blanchon
link: https://medium.com/@blanchon.vincent?source=bookmarks---------704----------------------------
text: Lewis Fairweather
link: https://lewisfairweather.medium.com/?source=bookmarks---------705----------------------------
text: Jane Kozhevnikova
link: https://jkozhevnikova.medium.com/?source=bookmarks---------706----------------------------
text: Vincent Blanchon
link: https://medium.com/@blanchon.vincent?source=bookmarks---------707----------------------------
text: Ethan Goldblum
link: https://medium.com/@egoldblum?source=bookmarks---------708----------------------------
text: Tim Möhlmann
link: https://medium.com/@timmhlmann?source=bookmarks---------709----------------------------
text: Arie Ardaya Lizuardi
link: https://medium.com/@arielizuardi?source=bookmarks---------710----------------------------
text: Gabe Szczepanek
link: https://medium.com/@gabe.szczepanek?source=bookmarks---------711----------------------------
text: Aayush Joglekar
link: https://medium.com/@aayushjoglekar?source=bookmarks---------712----------------------------
text: Arindam Roy
link: https://medium.com/@arindamroy?source=bookmarks---------713----------------------------
text: Mohammed Hewedy
link: https://medium.com/@mhewedy_46874?source=bookmarks---------714----------------------------
text: ahmet taşkın
link: https://medium.com/@taskinah?source=bookmarks---------715----------------------------
text: Asad Awadia
link: https://medium.com/@asadawadia?source=bookmarks---------716----------------------------
text: Radhakishan Surwase
link: https://medium.com/@rksurwase?source=bookmarks---------717----------------------------
text: Ayush Verma
link: https://medium.com/@ayush.aloysian15?source=bookmarks---------718----------------------------
text: This is DASC
link: https://medium.com/@thisisdasc?source=bookmarks---------719----------------------------
text: Subesh Bhandari
link: https://medium.com/@subeshb1?source=bookmarks---------720----------------------------
text: Vincent Blanchon
link: https://medium.com/@blanchon.vincent?source=bookmarks---------721----------------------------
text: Paulo Cuchi
link: https://medium.com/@paulo.cuchi?source=bookmarks---------722----------------------------
text: Eric Lang
link: https://medium.com/@exyzzy?source=bookmarks---------723----------------------------
text: John Tucker
link: https://john-tucker.medium.com/?source=bookmarks---------724----------------------------
text: Brandon Atkinson
link: https://medium.com/@atkinsonbg?source=bookmarks---------725----------------------------
text: Klimov Sergey
link: https://medium.com/@klim0v?source=bookmarks---------726----------------------------
text: rocketlaunchr.cloud
link: https://medium.com/@rocketlaunchr.cloud?source=bookmarks---------727----------------------------
text: Rakesh Mothukuri
link: https://rockey5520.medium.com/?source=bookmarks---------728----------------------------
text: Brandon Atkinson
link: https://medium.com/@atkinsonbg?source=bookmarks---------729----------------------------
text: Mantesh Jalihal
link: https://medium.com/@kumarmantesh?source=bookmarks---------730----------------------------
text: Oliver Seitz
link: https://medium.com/@why_matter?source=bookmarks---------731----------------------------
text: Israel Miles
link: https://israel-miles.medium.com/?source=bookmarks---------732----------------------------
text: Wei Huang
link: https://jayhuang75.medium.com/?source=bookmarks---------733----------------------------
text: Ng Tze Yang
link: https://ngtzeyang94.medium.com/?source=bookmarks---------734----------------------------
text: Vincent Blanchon
link: https://medium.com/@blanchon.vincent?source=bookmarks---------735----------------------------
text: Alexey Soshin
link: https://alexey-soshin.medium.com/?source=bookmarks---------736----------------------------
text: Jin Feng
link: https://medium.com/@jfeng45?source=bookmarks---------737----------------------------
text: Roman Behma
link: https://medium.com/@begmaroman?source=bookmarks---------738----------------------------
text: Saurabh Nayar
link: https://medium.com/@ImSNayar?source=bookmarks---------739----------------------------
text: Jordan presnell
link: https://medium.com/@jordanpresnell?source=bookmarks---------740----------------------------
text: Richard So
link: https://medium.com/@richardso21?source=bookmarks---------741----------------------------
text: Dipesh K.C.
link: https://dipesh-kc.medium.com/?source=bookmarks---------742----------------------------
text: Kesk -*-
link: https://kesk.medium.com/?source=bookmarks---------743----------------------------
text: Tj Blogumas
link: https://tjblog.medium.com/?source=bookmarks---------744----------------------------
text: Daan
link: https://medium.com/@daaaan?source=bookmarks---------745----------------------------
text: Ricardo Linck
link: https://ricardo-linck.medium.com/?source=bookmarks---------746----------------------------
text: Akshat Agarwal
link: https://akshatvn.medium.com/?source=bookmarks---------747----------------------------
text: Martin Heinz
link: https://medium.com/@martin.heinz?source=bookmarks---------748----------------------------
text: pandaquests
link: https://pandaquests.medium.com/?source=bookmarks---------749----------------------------
text: Vincent Blanchon
link: https://medium.com/@blanchon.vincent?source=bookmarks---------750----------------------------
text: Alessandro Segala
link: https://medium.com/@italypaleale?source=bookmarks---------751----------------------------
text: Uday Hiwarale
link: https://thatisuday.medium.com/?source=bookmarks---------752----------------------------
text: Martin Kock
link: https://medium.com/@cookie80?source=bookmarks---------753----------------------------
text: Yinchi ''Wexort'' Luo
link: https://wexort.medium.com/?source=bookmarks---------754----------------------------
text: Randal Kamradt Sr
link: https://medium.com/@rlkamradt?source=bookmarks---------755----------------------------
text: S Agung Wijaya
link: https://medium.com/@sagungwijaya?source=bookmarks---------756----------------------------
text: Ralph Ligtenberg
link: https://medium.com/@Prutswonder?source=bookmarks---------757----------------------------
text: Sergey Suslov
link: https://medium.com/@sergey.suslov?source=bookmarks---------758----------------------------
text: Indrek Lasn
link: https://indreklasn.medium.com/?source=bookmarks---------759----------------------------
text: Uncomputation
link: https://uncomputation.medium.com/?source=bookmarks---------760----------------------------
text: Dipesh Dulal
link: https://medium.com/@dipesh.dulal?source=bookmarks---------761----------------------------
text: Tnv Madhav
link: https://medium.com/@tnvmadhav?source=bookmarks---------762----------------------------
text: Sudaraka Jayathilaka
link: https://medium.com/@sudarakayasindu?source=bookmarks---------763----------------------------
text: Juan Curti
link: https://juancurti.medium.com/?source=bookmarks---------764----------------------------
text: Emanuel Marques
link: https://emanuelsmarques.medium.com/?source=bookmarks---------765----------------------------
text: Dr. Michael J. Garbade
link: https://ledumjg.medium.com/?source=bookmarks---------766----------------------------
text: Asit Dhal
link: https://asitdhal.medium.com/?source=bookmarks---------767----------------------------
text: Timothy Agustian
link: https://timothyagustian.medium.com/?source=bookmarks---------768----------------------------
text: Jon Bodner
link: https://medium.com/@jon_43067?source=bookmarks---------769----------------------------
text: Jon Bodner
link: https://medium.com/@jon_43067?source=bookmarks---------770----------------------------
text: Eric Chi
link: https://medium.com/@ericjaychi?source=bookmarks---------771----------------------------
text: Bibek Shah
link: https://medium.com/@bibekshah09?source=bookmarks---------772----------------------------
text: Niraj Fonseka
link: https://medium.com/@fonseka.live?source=bookmarks---------773----------------------------
text: Israel Miles
link: https://israel-miles.medium.com/?source=bookmarks---------774----------------------------
text: Erez Levi
link: https://medium.com/@erez.levi?source=bookmarks---------775----------------------------
text: Gabriel G Baciu
link: https://medium.com/@motiooon?source=bookmarks---------776----------------------------
text: Yakko Majuri
link: https://yakkomajuri.medium.com/?source=bookmarks---------777----------------------------
text: Lewis Fairweather
link: https://lewisfairweather.medium.com/?source=bookmarks---------778----------------------------
text: Uday Hiwarale
link: https://thatisuday.medium.com/?source=bookmarks---------779----------------------------
text: Gabe Szczepanek
link: https://medium.com/@gabe.szczepanek?source=bookmarks---------780----------------------------
text: Joyce Lin
link: https://joycelin-codes.medium.com/?source=bookmarks---------781----------------------------
text: Duong Nguyen
link: https://medium.com/@ntd251?source=bookmarks---------782----------------------------
text: Ugonna Thelma
link: https://medium.com/@ugonnat?source=bookmarks---------783----------------------------
text: Ricardo Linck
link: https://ricardo-linck.medium.com/?source=bookmarks---------784----------------------------
text: Teiva Harsanyi
link: https://teivah.medium.com/?source=bookmarks---------785----------------------------
text: Vincent Blanchon
link: https://medium.com/@blanchon.vincent?source=bookmarks---------786----------------------------
text: Phil Pearl
link: https://medium.com/@philpearl?source=bookmarks---------787----------------------------
text: Jeremy Morgan
link: https://medium.com/@jeremymorgan?source=bookmarks---------788----------------------------
text: Jordan Chalupka
link: https://medium.com/@growth_hacks?source=bookmarks---------789----------------------------
text: Alexey Soshin
link: https://alexey-soshin.medium.com/?source=bookmarks---------790----------------------------
text: Gary A. Stafford
link: https://garystafford.medium.com/?source=bookmarks---------791----------------------------
text: Eliezer Yaacov
link: https://medium.com/@eliezerj8?source=bookmarks---------792----------------------------
text: Ricardo Linck
link: https://ricardo-linck.medium.com/?source=bookmarks---------793----------------------------
text: Ohm Patel
link: https://medium.com/@ohm.patel1997?source=bookmarks---------794----------------------------
text: Diego Henrique Oliveira
link: https://medium.com/@diegoholiveira?source=bookmarks---------795----------------------------
text: Nick Gordon
link: https://medium.com/@nick.gordon?source=bookmarks---------796----------------------------
text: JFrog Community
link: https://medium.com/@jfrog.community?source=bookmarks---------797----------------------------
text: Daniel Anderson
link: https://danthedev.medium.com/?source=bookmarks---------798----------------------------
text: Che Dan
link: https://medium.com/@dche423?source=bookmarks---------799----------------------------
text: Ricardo Linck
link: https://ricardo-linck.medium.com/?source=bookmarks---------800----------------------------
text: Roberto Vitillo
link: https://robertovitillo.medium.com/?source=bookmarks---------801----------------------------
text: Sher Chowdhury
link: https://sher-chowdhury.medium.com/?source=bookmarks---------802----------------------------
text: Luis Acerv
link: https://medium.com/@luiacerv?source=bookmarks---------803----------------------------
text: Sajal Dulal
link: https://sajaldulal.medium.com/?source=bookmarks---------804----------------------------
text: Rafał Gałus
link: https://medium.com/@rgalus?source=bookmarks---------805----------------------------
text: Alex Zito-Wolf
link: https://medium.com/@alexzitowolf?source=bookmarks---------806----------------------------
text: Indrek Lasn
link: https://indreklasn.medium.com/?source=bookmarks---------807----------------------------
text: Nicklas Millard
link: https://nmillard.medium.com/?source=bookmarks---------808----------------------------
text: Rafael Holanda
link: https://medium.com/@rafaelholanda90?source=bookmarks---------809----------------------------
text: Bala subramaniyan
link: https://medium.com/@balagetme?source=bookmarks---------810----------------------------
text: Dean Baker
link: https://medium.com/@deano.baker?source=bookmarks---------811----------------------------
text: Dimitris Poulopoulos
link: https://medium.com/@dpoulopoulos?source=bookmarks---------812----------------------------
text: Val Deleplace
link: https://medium.com/@val_deleplace?source=bookmarks---------813----------------------------
text: Bharath K
link: https://medium.com/@bharath.k1297?source=bookmarks---------814----------------------------
text: Vladimir Vivien
link: https://medium.com/@vladimirvivien?source=bookmarks---------815----------------------------
text: Dũng Trung Trịnh
link: https://medium.com/@dungtrungtrinh?source=bookmarks---------816----------------------------
text: Haris Chaniotakis
link: https://medium.com/@chanioxaris?source=bookmarks---------817----------------------------
text: Prakhar Jain
link: https://medium.com/@praks.jain7?source=bookmarks---------818----------------------------
text: Tim Winkler
link: https://medium.com/@hatchIT?source=bookmarks---------819----------------------------
text: Bradford Lamson-Scribner
link: https://medium.com/@bradford_hamilton?source=bookmarks---------820----------------------------
text: Amit Jain
link: https://medium.com/@amitj975?source=bookmarks---------821----------------------------
text: Vishal Sharma
link: https://medium.com/@essharmav?source=bookmarks---------822----------------------------
text: Theodore Rose
link: https://medium.com/@theodore.o.rose?source=bookmarks---------823----------------------------
text: Juned Ghanchi
link: https://medium.com/@junedghanchi?source=bookmarks---------824----------------------------
text: Wilson Tan
link: https://wilson-tech.medium.com/?source=bookmarks---------825----------------------------
text: Jeff Wenzbauer
link: https://jwenz723.medium.com/?source=bookmarks---------826----------------------------
text: Mahjoub Saifeddine
link: https://medium.com/@mahjoub.saifeddine?source=bookmarks---------827----------------------------
text: bitfish
link: https://medium.com/@bf2?source=bookmarks---------828----------------------------
text: Roelof Jan Elsinga
link: https://medium.com/@roelofjanelsinga?source=bookmarks---------829----------------------------
text: Sau Sheong
link: https://medium.com/@sausheong?source=bookmarks---------830----------------------------
text: Cooper Thompson
link: https://riptidedata.medium.com/?source=bookmarks---------831----------------------------
text: Rizal Widyarta Gowandy
link: https://medium.com/@rizalgowandy?source=bookmarks---------832----------------------------
text: David Barral
link: https://medium.com/@david.barral?source=bookmarks---------833----------------------------
text: Priyanshu Gautam
link: https://medium.com/@Pr1yanshu?source=bookmarks---------834----------------------------
text: Joshua McKenty
link: https://medium.com/@jmckenty?source=bookmarks---------835----------------------------
text: Saurabh Nayar
link: https://medium.com/@ImSNayar?source=bookmarks---------836----------------------------
text: Elliot Chance
link: https://elliotchance.medium.com/?source=bookmarks---------837----------------------------
text: Vincent Blanchon
link: https://medium.com/@blanchon.vincent?source=bookmarks---------838----------------------------
text: Camila Scatolini
link: https://medium.com/@cscatolini?source=bookmarks---------839----------------------------
text: Redha Juanda
link: https://medium.com/@redhajuanda?source=bookmarks---------840----------------------------
text: Sher Chowdhury
link: https://sher-chowdhury.medium.com/?source=bookmarks---------841----------------------------
text: Matthew Cobbing
link: https://medium.com/@cobbinma?source=bookmarks---------842----------------------------
text: Nick Bull
link: https://nickbulljs.medium.com/?source=bookmarks---------843----------------------------
text: Chetan Mehta
link: https://medium.com/@mehtachetan33?source=bookmarks---------844----------------------------
text: Angus Morrison
link: https://medium.com/@angusmorrison?source=bookmarks---------845----------------------------
text: Wilson Tan
link: https://wilson-tech.medium.com/?source=bookmarks---------846----------------------------
text: Dan Goslen
link: https://dangoslen.medium.com/?source=bookmarks---------847----------------------------
text: Claire D. Costa
link: https://medium.com/@harish_6956?source=bookmarks---------848----------------------------
