map[Accept-Ch:[Viewport-Width, DPR, Device-Memory, RTT, Downlink, ECT] Accept-Ch-Lifetime:[31536000] Cache-Control:[no-cache,no-store,max-age=0,must-revalidate] Content-Security-Policy:[object-src https://avatars.mds.yandex.net;frame-src https://banners.adfox.ru https://mc.yandex.md https://yandex.ru https://yastat.net 'self' https://yastatic.net https://mc.yandex.ru https://*.yandexadexchange.net https://awaps.yandex.net https://*.yandex.ru https://yandexadexchange.net;img-src https://strm.yandex.net https://resize.yandex.net https://mc.yandex.com https://ads.adfox.ru https://an.yandex.ru https://ad.doubleclick.net https://auto.ru https://verify.yandex.ru https://mc.admetrica.ru https://amc.yandex.ru https://thequestion.ru https://ad.adriver.ru https://*.strm.yandex.net https://strm.yandex.ru https://*.verify.yandex.ru https://yabs.yandex.ru https://mc.yandex.ru https://*.tns-counter.ru https://px.moatads.com https://wcm-ru.frontend.weborama.fr https://www.maximonline.ru https://avatars.mds.yandex.net https://1299274032.verify.yandex.ru https://pixel.adlooxtracking.com https://www.kinopoisk.ru https://gdero.hit.gemius.pl https://avatars-fast.yandex.net https://ads6.adfox.ru data: https://storage.mds.yandex.net https://yastatic.net https://awaps.yandex.ru 'self' https://yandex.ru https://content.adfox.ru https://banners.adfox.ru https://awaps.yandex.net https://wcm.solution.weborama.fr https://bs.serving-sys.com https://yastat.net https://favicon.yandex.net https://gdeby.hit.gemius.pl;style-src https://yastatic.net https://banners.adfox.ru https://content.adfox.ru https://yandex.st 'unsafe-inline' https://yastat.net;report-uri https://csp.yandex.net/csp?project=morda&from=morda.big.ru&showid=1608650156.14897.98040.45831&h=prestable-morda-vla-yp-195&csp=new&date=20201222&yandexuid=8697244481608650156;media-src https://*.strm.yandex.net https://yastatic.net https://strm.yandex.ru https://*.strm.yandex.ru data: https://*.cdn.ngenix.net https://*.yandex.net blob: https://yastat.net https://yandex.st https://content.adfox.ru https://banners.adfox.ru https://yandex.ru;default-src https://yastatic.net https://awaps.yandex.net https://yastat.net https://awaps.yandex.ru;connect-src https://*.cdn.ngenix.net https://ads.adfox.ru https://an.yandex.ru https://yastatic.net https://www.kinopoisk.ru https://log.strm.yandex.ru https://matchid.adfox.yandex.ru https://mobile.yandex.net https://ads6.adfox.ru https://yandex.ru https://auto.ru https://adfox.yandex.ru https://frontend.vh.yandex.ru https://awaps.yandex.ru 'self' https://awaps.yandex.net https://strm.yandex.ru https://mc.yandex.ru https://yabs.yandex.ru https://jstracer.yandex.ru https://zen.yandex.ru https://games.yandex.ru https://mc.admetrica.ru https://thequestion.ru https://*.strm.yandex.net https://www.maximonline.ru wss://push.yandex.ru https://portal-xiva.yandex.net https://yandex.st https://yastat.net wss://portal-xiva.yandex.net;font-src data: https://an.yandex.ru https://yastatic.net 'self' https://yastat.net;script-src https://yastatic.net https://an.yandex.ru https://ads.adfox.ru https://mc.yandex.ru https://ads6.adfox.ru 'unsafe-inline' https://banners.adfox.ru https://yandex.ru https://yastat.net https://yandex.st 'self'] Content-Type:[text/html; charset=UTF-8] Date:[Tue, 22 Dec 2020 15:15:56 GMT] Expires:[Tue, 22 Dec 2020 15:15:56 GMT] Last-Modified:[Tue, 22 Dec 2020 15:15:56 GMT] Nel:[{"report_to": "network-errors", "max_age": 86400, "success_fraction": 0.001, "failure_fraction": 0.1}] P3p:[policyref="/w3c/p3p.xml", CP="NON DSP ADM DEV PSD IVDo OUR IND STP PHY PRE NAV UNI"] Report-To:[{ "group": "network-errors", "max_age": 86400, "endpoints": [ { "url": "https://dr.yandex.net/nel"}]}] Set-Cookie:[yp=1611242156.ygu.1; Expires=Fri, 20-Dec-2030 15:15:56 GMT; Domain=.yandex.ru; Path=/ mda=0; Expires=Wed, 21-Apr-2021 15:15:56 GMT; Domain=.yandex.ru; Path=/ yandex_gid=2; Expires=Thu, 21-Jan-2021 15:15:56 GMT; Domain=.yandex.ru; Path=/ yandexuid=8697244481608650156; Path=/; Domain=.yandex.ru; Expires=Fri, 20-Dec-2030 15:15:56 GMT; Secure is_gdpr=0; Path=/; Domain=.yandex.ru; Expires=Thu, 22 Dec 2022 15:15:56 GMT is_gdpr_b=CIWobhDSEygC; Path=/; Domain=.yandex.ru; Expires=Thu, 22 Dec 2022 15:15:56 GMT i=Sgdro7QqgZd9s57sIiTAEWgm+WKMgBeMYZqpG1Dn8wBNRcAGVoOMU1wTQ8ecxvBPhZApQsMLLIfAU+YHrCVUAuMpdCM=; Expires=Thu, 22-Dec-2022 15:15:56 GMT; Domain=.yandex.ru; Path=/; Secure; HttpOnly] X-Content-Type-Options:[nosniff] X-Frame-Options:[DENY]]
Status code:200
https://passport.yandex.ru/auth?origin=home_desktop_ru&retpath=https%3A%2F%2Fmail.yandex.ru%2F&backpath=https%3A%2F%2Fyandex.ru
https://passport.yandex.ru/registration/mail?from=mail&origin=home_desktop_ru&retpath=https%3A%2F%2Fmail.yandex.ru%2F&backpath=https%3A%2F%2Fyandex.ru
https://yabs.yandex.ru/count/WWGejI_zOCa1rGy0n1aqlgBJN9PeLmK0oG8GWX0nh0tYNm00000useqKG2H80c3M6730cjwKvRpTrQa1W049a06YYlIfE9W1v93ufqUu0Oo3gViVm044s078lPKXw06E0l02liA6-mEm0mJe1ByP-0IzZRS1Y0MzZRS1a0MzZRS1e0MrxZUe1TV6Bh05ryOkk0NNnYx01S2Djm44g0O4oGQiZGAhnj6oUD46h24u8iVHidZEXrueMAjG86gm1u20c3ou1_upq0SIoGhmFweB45fQ5UA7NW00hpKX3G-tw0kzZRS1y0i5Y0o4pTw-0UWCaq2icuhOwhYqsNYW3i24FSIFXXh840ZG49o7hr_u40Bm4k0JryOke1JNnYwe5BsDjm7e58m2s1N1YlRieu-y_6Fma1RT0PWMqAJV_WMWoHRG5eJDthu1WHUO5_BfYoce5md05pJO5y24FR0OWlg7_mNG607u6BRenPlUqTUjQu0PaE-hdkcLqwlN0P0P0Q0P1B0Pk1d___y1qXaIUM5YSrzpPN9sPN8lSZGvC2qqwF216l__Y_BAa8Qd7W0lHaYK6HXbD0rPPTCGINkagGmAbuqwpyUkWQoWlk4GeBjKidhl9R804A9vjGEJnAPWtXyGutW3OIVTzTMnDWub1bmhdm0AZ0tyXmCq9m-3UxbSsJ0Qhm6THWC0~1
https://yandex.ru/covid19/stat?utm_source=main_notif&geoId=2
https://yandex.ru/chat/#/join/1de803ae-eb02-4efa-be2c-02033910bb01/1608624874638036
https://yandex.ru/covid19/stat?utm_source=main_notif&geoId=225
https://yandex.ru/pogoda/?utm_campaign=alert&utm_content=alert_separate&utm_medium=web&utm_source=home&utm_term=tomorrow_morning_icyroad_snow
https://yandex.ru/tune/geo?retpath=https%3A%2F%2Fyandex.ru%2F&nosync=1
https://yandex.ru/legal/confidential/
https://yandex.ru/collections/
https://yandex.ru/tune/search?retpath=https%3A%2F%2Fyandex.ru%2F&nosync=1
https://yandex.ru/news?mlid=1608649617.glob_225&msid=1608650156.14897.98040.45831&utm_medium=topnews_news&utm_source=morda_desktop
https://yandex.ru/news/region/saint_petersburg?mlid=1608649617.geo_2&msid=1608650156.14897.98040.45831&utm_medium=topnews_region&utm_source=morda_desktop
https://yandex.ru/news/rubric/koronavirus?from=main
https://yandex.ru/time
https://yandex.ru/news/story/Popova_zayavila_chto_v_Rossii_ne_obnaruzhen_shtamm_koronavirusa_iz_Britanii--4108f9f2e6ec66bed3e0ace150278fe5?fan=1&from=main_portal&lang=ru&lr=2&mlid=1608649617.glob_225.4108f9f2&msid=1608650156.14897.98040.45831&persistent_id=123524651&stid=yV78aTmBJcc6fOPsOCtE&t=1608649617&utm_medium=topnews_news&utm_source=morda_desktop
https://yandex.ru/news/story/Putin_podpisal_zakon_o_garantiyakh_neprikosnovennosti_ehks-prezidentu_Rossii--56d0b1cf0b5512c12b6e5011a940a092?fan=1&from=main_portal&lang=ru&lr=2&mlid=1608649617.glob_225.56d0b1cf&msid=1608650156.14897.98040.45831&persistent_id=123527227&stid=oQsoQfX0uIlANOYcMGM5&t=1608649617&utm_medium=topnews_news&utm_source=morda_desktop
https://yandex.ru/news/story/Peskov_zayavil_chto_Navalnyj_stradaet_maniej_velichiya_i_presledovaniya--026d2bddf802554902e2a815d203de25?fan=1&from=main_portal&lang=ru&lr=2&mlid=1608649617.glob_225.026d2bdd&msid=1608650156.14897.98040.45831&persistent_id=123502981&stid=3W9BjDbM6pqG1W-Ft1DU&t=1608649617&utm_medium=topnews_news&utm_source=morda_desktop
https://yandex.ru/news/story/V_CB_dopustili_demontazh_instituta_nakopitelnykh_pensij--61f8f3c98a71898069c529cad03ac035?fan=1&from=main_portal&lang=ru&lr=2&mlid=1608649617.glob_225.61f8f3c9&msid=1608650156.14897.98040.45831&persistent_id=123517640&stid=xgkvR1b2zFDh41bfuXQW&t=1608649617&utm_medium=topnews_news&utm_source=morda_desktop
https://yandex.ru/news/story/MID_Rossii_soobshhil_ob_otvetnykh_merakh_v_adres_stran_ES_iz-za_Navalnogo--0131bc7784a5451537bfb3371853a4ab?fan=1&from=main_portal&lang=ru&lr=2&mlid=1608649617.glob_225.0131bc77&msid=1608650156.14897.98040.45831&persistent_id=123489424&stid=dpsualSUYVi8Q4nUhIv6&t=1608649617&utm_medium=topnews_news&utm_source=morda_desktop
https://yandex.ru/news/story/Sobyanin_zayavil_o_roste_chisla_gospitalizacij_bolnykh_COVID-19_v_Moskve--bbeac775cb0053d954e42aaf502dd79a?fan=1&from=main_portal&lang=ru&lr=2&mlid=1608649617.glob_225.bbeac775&msid=1608650156.14897.98040.45831&persistent_id=123523950&stid=cJA42ReHhjZAtsJWPYEY&t=1608649617&utm_medium=topnews_news&utm_source=morda_desktop
https://yandex.ru/news/story/Gosduma_prinyala_zakon_o_vosstanovlenii_vytrezvitelej_v_Rossii--e491d440397877e6095c839997b86a90?fan=1&from=main_portal&lang=ru&lr=2&mlid=1608649617.glob_225.e491d440&msid=1608650156.14897.98040.45831&persistent_id=123486552&stid=AEU7C7_Z3Rd9Tph-hrDG&t=1608649617&utm_medium=topnews_news&utm_source=morda_desktop
https://yandex.ru/news/story/V_Moskve_podpolkovnik_FSO_pokonchil_s_soboj--d1e7670a5592781a61524ca640e74130?fan=1&from=main_portal&lang=ru&lr=2&mlid=1608649617.glob_225.d1e7670a&msid=1608650156.14897.98040.45831&persistent_id=123491590&stid=QzdAdbMNZNSc_Iogrdlf&t=1608649617&utm_medium=topnews_news&utm_source=morda_desktop
https://yandex.ru/news/story/Zarazhennye_COVID-19_vpervye_vyyavleny_v_Antarktide--e8566f984683c2891a51428229786b13?fan=1&from=main_portal&lang=ru&lr=2&mlid=1608649617.glob_225.e8566f98&msid=1608650156.14897.98040.45831&persistent_id=123483895&stid=12A00FsjLz0G0_ufl5tt&t=1608649617&utm_medium=topnews_news&utm_source=morda_desktop
https://yandex.ru/news/story/V_Armenii_nachalsya_miting_oppozicii_s_trebovaniem_otstavki_Pashinyana--952ac267f70d21a6f85b02d9e73a7c65?fan=1&from=main_portal&lang=ru&lr=2&mlid=1608649617.glob_225.952ac267&msid=1608650156.14897.98040.45831&persistent_id=123491571&stid=u3AoSs-ZTKxk_6sclblk&t=1608649617&utm_medium=topnews_news&utm_source=morda_desktop
https://yandex.ru/news/?lang=ru&msid=1608650156.14897.98040.45831&mlid=1608649617
https://yandex.ru/news/quotes/2002.html
https://yandex.ru/news/quotes/2000.html
https://yandex.ru/news/quotes/1006.html
https://yabs.yandex.ru/count/WVSejI_zOBG1RGy0b1WqlgBJ2Y3GLWK0j08GWX0nh0tYNm00000useqKG0H846344d2-_fU7ZYM00GcG0TgIywaucBW1llwNXxAYZ27e0QW2y0A-meRx0v03yCE0R_O6-0J6c7g81SQOUf05nfXwm0MZZ3q4g0O4oGQiZGAhnj6oUD46h24u8iVHidZEXrueMAjG86gm1u20c3ou1-u9q0SIW8Y2W07u29p_ouF74W10oGhmFweB45fQ5UA7NW00hpKX3G-tw0l6c7hm2mNe39D0h9kAsEgujDbue0x0X3sPaSOGo131eX3u40AO4PsD1w6vu1A1W1Zm4k0JnfXwe1J6c7ge5CQOUj0KfC3cFTWKwDZp-GNe58m2q1NesFFv1TWLmOhsxAEFlFnZy90MU9WMqAJV_WMWoHQ15wWN2S0NDDWNm8Gzi1Y2-eV_1T0O0VWOjkZ5czxHrwrhW1cGxwkUwPNJgzS1a1a1e1a4i1cu6V___m7I6H9vOM9pNtDbSdPbSYzoD3amBJJey84Q__zNddEwFIeW02z6I9GP0sKqObbbjqXZ6j9KnXoNRGVFPqM1hEosuOXtyxXjUZ838wktJY83026ALpimHsmAvlr_67iQY13IJW-JnCXTPVFWuYqc8mRtKhYoOUWCq5qig5CksOyUi3IKFG00~1
https://o.yandex.ru/?utm_source=main_stripe_big_popup
https://market.yandex.ru/?clid=505&utm_source=main_stripe_big
https://yandex.ru/video/?utm_source=main_stripe_big
https://yandex.ru/images/?utm_source=main_stripe_big
https://yandex.ru/news/?utm_source=main_stripe_big
https://yandex.ru/maps/?utm_source=main_stripe_big
https://translate.yandex.ru/?utm_source=main_stripe_big
https://music.yandex.ru/?utm_source=main_stripe_big
https://tv.yandex.ru/?utm_source=main_stripe_big
https://yandex.ru/all
https://yandex.ru/
https://yabs.yandex.ru/count/WSOejI_zO8y1vGq0f1KqlgBJfpqf5GK0Zm8GWX0nh0tYNm00000useqKG1H80c3g4N2qhuABhYMor9WacBW1jA-2Ymx00GZO0VQzWmNe0Qe2y0A-meRx0vGC-0JqW2681VI08P05z80X1AW61Ca6h8q2gyRHidZH1gmXE2B7qR9upeTUA5YhK21gi0U0W9Wyk0VwCT074e0A0S4AAc8rmpMmgp_92l0_MbeLueTU002lDI4D3xVe2_I08V0B1UWCaq2icuhOwhYqsNYW3i24FVlUmGB840Zu40Bm4k0Jz80Xe1JqW26e5FI08UWKZ0BO5S6AzkoZZxpyO_2G5boO5j2at_u5eCaMWHUO5nce5md05pJO5y24FR0OZVM7_mNG607u6BRenPlUqTUjQu0PaE-hdkcLqwlN0P0P0Q0P1B0Pk1d___y1qXaIUM5YSrzpPN9sPN8lSZGvC2qqwF216l__6yblrmvu7m0lHaYK6Tvaj7jOPRT8OndILCRSPSktyraz82lDR3WOw9Y9hFuhYSm2X1XUxS0QiIcOz_vXx6OWWfGxNU6TZ626nAYImDWhYideWYi0NDamOWRe3_wdKx3AUDeu3qCF~1
https://an.yandex.ru/count/WdWejI_zO5m2THC0b21DSLamSSmKamK0N0CGWX0nh0tYNm00000ug9WgG0n80c2C66W4SAproxND7u01Ygsw0eW1vzon2P01biV0WSk0W802c06Mny21Ix01zDk2gGYu0SJ4fTCWm07k0TW1dDBtbG7W0PJlvHxe0Vm1-07igDw-0OW20g02Y9QZ3_02sw7ElGcY5eW5Z2wG1Omki0NS2xW5t0l01Omko0NS2z05smi4g0O4oGQiZGAhnj6oUD46h24u8iVHidWRa_Zog50WQh07W82GBBW7a384WGRW28JBqGVm2U0M-0de0e0A2CaAUL2QcCDOs3y4gWiGwda0TXkJ0029dY0D3xVe2umky0i5Y0o4pTw-0QaCOWEjIgcnuB_e39C2c0t0X44_e0x6a1ERfjBaYvMKa6gEfwGRY13FwwF_1Oo01D0Gd8UlN_WG0fWHdOtm4k0Jt0lu4mg0506W5DmBg1ICqFR-_WNe58m2q1NGzlx-1TWLmOhsxAEFlFnZy9WMqAJV_WMWg1R_0SaM0F0_q1Q4pTw-0O4N0F0_c1UzvxeGg1S9m1Sss1V0X3te5m6W61Mm6D63YFy5k1W1q1W1w1W1-1YswCMRtj7NhMk06OaPzooG6G6W6GIm6QoRYjZgkBJPUBWP____0T8P4dbXOdDVSsLoTcLoBt8qEJ0jDEZm-1dkgR4UWHh__miRvGql0I00BqP8r8n_3Cl4o0Om1S4bq0Zk3HNCSTdSJDZmbjry02_82YuT3Y6gdEXEMJtVKruytQlTGIPOGMDwX5gWscYC3pm2sBRhGjFY_MPv1q08O7kwWAYNvh0-VthE18v5iCa0qG00~1
https://yandex.ru/pogoda/?utm_campaign=informer&utm_content=main_informer&utm_medium=web&utm_source=home&utm_term=title
https://yandex.ru/pogoda/maps/nowcast?utm_campaign=informer&utm_content=main_informer&utm_medium=web&utm_source=home&utm_term=nowcast_link
https://yandex.ru/pogoda/?utm_campaign=informer&utm_content=main_informer&utm_medium=web&utm_source=home&utm_term=main_number
https://yandex.ru/pogoda/?utm_campaign=informer&utm_content=main_informer&utm_medium=web&utm_source=home&utm_term=current_day_part
https://yandex.ru/pogoda/?utm_campaign=informer&utm_content=main_informer&utm_medium=web&utm_source=home&utm_term=next_day_part
https://praktikum.yandex.ru?utm_source=yandex&utm_medium=morda&utm_campaign=main
https://praktikum.yandex.ru?utm_source=yandex&utm_medium=morda&utm_campaign=main&utm_content=stat-analitikom
https://lavka.yandex/spb/?utm_medium=yandex&utm_source=poseshchaemoe&utm_campaign=RU-LEN-SPE&utm_content=produkty-domoj&utm_term=title-text
https://music.yandex.ru/?utm_source=yandex_portal&utm_medium=music_selfpromo_performance&utm_term=yandex_service_list&utm_campaign=title
https://music.yandex.ru/?utm_source=yandex_portal&utm_medium=music_selfpromo_performance&utm_term=yandex_service_list&utm_campaign=ru_general
https://yandex.ru/maps/2/saint-petersburg/probki
https://tv.yandex.ru/?utm_source=yamain&utm_medium=informer&utm_campaign=title
https://tv.yandex.ru/program/5379669?eventId=169284090&utm_source=yamain&utm_medium=informer&utm_campaign=link
https://tv.yandex.ru/channels/371?utm_source=yamain&utm_medium=informer&utm_campaign=channel
https://tv.yandex.ru/program/4713623?eventId=169160937&utm_source=yamain&utm_medium=informer&utm_campaign=link
https://tv.yandex.ru/channels/649?utm_source=yamain&utm_medium=informer&utm_campaign=channel
https://tv.yandex.ru/program/2258050?eventId=169401111&utm_source=yamain&utm_medium=informer&utm_campaign=link
https://tv.yandex.ru/channels/1003?utm_source=yamain&utm_medium=informer&utm_campaign=channel
https://yandex.ru/maps/?utm_source=geoblock_maps_sanktpeterburg
https://yandex.ru/metro/spb
https://rasp.yandex.ru/?utm_source=yamain&utm_medium=geoblock&utm_campaign=main
https://taxi.yandex.ru/?utm_source=yandex-geoblock&utm_medium=morda&utm_campaign=[YT]DT_UA-goal_RU-ALL-ALL&utm_content=title-taxi
https://zen.yandex.ru/?clid=101&country_code=ru
https://browser.yandex.ru/desktop/zen/?from=yamain_zen&banerid=0458000000
https://afisha.yandex.ru/saint-petersburg?utm_source=yamain&utm_medium=yamain_afisha
https://afisha.yandex.ru/saint-petersburg/cinema/serebrianye-konki-2020?utm_source=yamain&utm_medium=yamain_afisha_kp
https://afisha.yandex.ru/saint-petersburg/cinema/obratnaia-sviaz-2020?utm_source=yamain&utm_medium=yamain_afisha_kp
https://afisha.yandex.ru/saint-petersburg/cinema/realnye-patsany-protiv-zombi?utm_source=yamain&utm_medium=yamain_afisha_kp
https://afisha.yandex.ru/saint-petersburg/cinema/tvortsy-snov-2020?utm_source=yamain&utm_medium=yamain_afisha_kp
https://afisha.yandex.ru/saint-petersburg/cinema/neadekvatnye-liudi-2?utm_source=yamain&utm_medium=yamain_afisha_kp
https://afisha.yandex.ru/saint-petersburg/cinema/semeika-kruds-2?utm_source=yamain&utm_medium=yamain_afisha_kp
https://afisha.yandex.ru/saint-petersburg/cinema/ogon-2021?utm_source=yamain&utm_medium=yamain_afisha_kp
https://afisha.yandex.ru/saint-petersburg/cinema/barboskiny-na-dache?utm_source=yamain&utm_medium=yamain_afisha_kp
https://afisha.yandex.ru/saint-petersburg/cinema/rozhdestvo-kota-boba?utm_source=yamain&utm_medium=yamain_afisha_kp
https://afisha.yandex.ru/saint-petersburg/cinema/romeo-and-juliet-beyond-words?utm_source=yamain&utm_medium=yamain_afisha_kp
https://direct.yandex.ru/?from=maintest_ru_razmestitrekl
https://metrika.yandex.ru/?utm_source=yandexru.v14w&utm_medium=web&utm_campaign=static
https://yandex.ru/adv/?from=main_bottom
https://yandex.ru/jobs
https://yandex.ru/blog/company/
https://yandex.ru/company/
https://yandex.com/company/
https://yandex.ru/legal/rules/
https://yandex.ru/support/
https://yandex.ru/support/common/troubleshooting/main.html
